  OPC_VolumeCollider.cpp
c:\kourosh\phdcourses\githubprojects\discoveringclimbingmovements\discoveringclimbingmovements\ode-0.12\opcode\ice\icefpu.h(53): warning C4244: 'return': conversion from 'double' to 'float', possible loss of data
  OPC_TreeCollider.cpp
c:\kourosh\phdcourses\githubprojects\discoveringclimbingmovements\discoveringclimbingmovements\ode-0.12\opcode\ice\icefpu.h(53): warning C4244: 'return': conversion from 'double' to 'float', possible loss of data
  OPC_TreeBuilders.cpp
c:\kourosh\phdcourses\githubprojects\discoveringclimbingmovements\discoveringclimbingmovements\ode-0.12\opcode\ice\icefpu.h(53): warning C4244: 'return': conversion from 'double' to 'float', possible loss of data
  OPC_SphereCollider.cpp
c:\kourosh\phdcourses\githubprojects\discoveringclimbingmovements\discoveringclimbingmovements\ode-0.12\opcode\ice\icefpu.h(53): warning C4244: 'return': conversion from 'double' to 'float', possible loss of data
  OPC_RayCollider.cpp
c:\kourosh\phdcourses\githubprojects\discoveringclimbingmovements\discoveringclimbingmovements\ode-0.12\opcode\ice\icefpu.h(53): warning C4244: 'return': conversion from 'double' to 'float', possible loss of data
  OPC_PlanesCollider.cpp
c:\kourosh\phdcourses\githubprojects\discoveringclimbingmovements\discoveringclimbingmovements\ode-0.12\opcode\ice\icefpu.h(53): warning C4244: 'return': conversion from 'double' to 'float', possible loss of data
  OPC_Picking.cpp
c:\kourosh\phdcourses\githubprojects\discoveringclimbingmovements\discoveringclimbingmovements\ode-0.12\opcode\ice\icefpu.h(53): warning C4244: 'return': conversion from 'double' to 'float', possible loss of data
  OPC_OptimizedTree.cpp
c:\kourosh\phdcourses\githubprojects\discoveringclimbingmovements\discoveringclimbingmovements\ode-0.12\opcode\ice\icefpu.h(53): warning C4244: 'return': conversion from 'double' to 'float', possible loss of data
  OPC_OBBCollider.cpp
c:\kourosh\phdcourses\githubprojects\discoveringclimbingmovements\discoveringclimbingmovements\ode-0.12\opcode\ice\icefpu.h(53): warning C4244: 'return': conversion from 'double' to 'float', possible loss of data
  OPC_Model.cpp
c:\kourosh\phdcourses\githubprojects\discoveringclimbingmovements\discoveringclimbingmovements\ode-0.12\opcode\ice\icefpu.h(53): warning C4244: 'return': conversion from 'double' to 'float', possible loss of data
  OPC_MeshInterface.cpp
c:\kourosh\phdcourses\githubprojects\discoveringclimbingmovements\discoveringclimbingmovements\ode-0.12\opcode\ice\icefpu.h(53): warning C4244: 'return': conversion from 'double' to 'float', possible loss of data
  OPC_LSSCollider.cpp
c:\kourosh\phdcourses\githubprojects\discoveringclimbingmovements\discoveringclimbingmovements\ode-0.12\opcode\ice\icefpu.h(53): warning C4244: 'return': conversion from 'double' to 'float', possible loss of data
  OPC_HybridModel.cpp
c:\kourosh\phdcourses\githubprojects\discoveringclimbingmovements\discoveringclimbingmovements\ode-0.12\opcode\ice\icefpu.h(53): warning C4244: 'return': conversion from 'double' to 'float', possible loss of data
  OPC_Common.cpp
c:\kourosh\phdcourses\githubprojects\discoveringclimbingmovements\discoveringclimbingmovements\ode-0.12\opcode\ice\icefpu.h(53): warning C4244: 'return': conversion from 'double' to 'float', possible loss of data
  OPC_Collider.cpp
c:\kourosh\phdcourses\githubprojects\discoveringclimbingmovements\discoveringclimbingmovements\ode-0.12\opcode\ice\icefpu.h(53): warning C4244: 'return': conversion from 'double' to 'float', possible loss of data
  OPC_BaseModel.cpp
c:\kourosh\phdcourses\githubprojects\discoveringclimbingmovements\discoveringclimbingmovements\ode-0.12\opcode\ice\icefpu.h(53): warning C4244: 'return': conversion from 'double' to 'float', possible loss of data
  OPC_AABBTree.cpp
c:\kourosh\phdcourses\githubprojects\discoveringclimbingmovements\discoveringclimbingmovements\ode-0.12\opcode\ice\icefpu.h(53): warning C4244: 'return': conversion from 'double' to 'float', possible loss of data
  OPC_AABBCollider.cpp
c:\kourosh\phdcourses\githubprojects\discoveringclimbingmovements\discoveringclimbingmovements\ode-0.12\opcode\ice\icefpu.h(53): warning C4244: 'return': conversion from 'double' to 'float', possible loss of data
  Opcode.cpp
c:\kourosh\phdcourses\githubprojects\discoveringclimbingmovements\discoveringclimbingmovements\ode-0.12\opcode\ice\icefpu.h(53): warning C4244: 'return': conversion from 'double' to 'float', possible loss of data
  IceUtils.cpp
c:\kourosh\phdcourses\githubprojects\discoveringclimbingmovements\discoveringclimbingmovements\ode-0.12\opcode\ice\icefpu.h(53): warning C4244: 'return': conversion from 'double' to 'float', possible loss of data
  Generating Code...
  Compiling...
  IceTriangle.cpp
c:\kourosh\phdcourses\githubprojects\discoveringclimbingmovements\discoveringclimbingmovements\ode-0.12\opcode\ice\icefpu.h(53): warning C4244: 'return': conversion from 'double' to 'float', possible loss of data
  IceSegment.cpp
c:\kourosh\phdcourses\githubprojects\discoveringclimbingmovements\discoveringclimbingmovements\ode-0.12\opcode\ice\icefpu.h(53): warning C4244: 'return': conversion from 'double' to 'float', possible loss of data
  IceRevisitedRadix.cpp
c:\kourosh\phdcourses\githubprojects\discoveringclimbingmovements\discoveringclimbingmovements\ode-0.12\opcode\ice\icefpu.h(53): warning C4244: 'return': conversion from 'double' to 'float', possible loss of data
  IceRay.cpp
c:\kourosh\phdcourses\githubprojects\discoveringclimbingmovements\discoveringclimbingmovements\ode-0.12\opcode\ice\icefpu.h(53): warning C4244: 'return': conversion from 'double' to 'float', possible loss of data
  IceRandom.cpp
c:\kourosh\phdcourses\githubprojects\discoveringclimbingmovements\discoveringclimbingmovements\ode-0.12\opcode\ice\icefpu.h(53): warning C4244: 'return': conversion from 'double' to 'float', possible loss of data
  IcePoint.cpp
c:\kourosh\phdcourses\githubprojects\discoveringclimbingmovements\discoveringclimbingmovements\ode-0.12\opcode\ice\icefpu.h(53): warning C4244: 'return': conversion from 'double' to 'float', possible loss of data
  IcePlane.cpp
c:\kourosh\phdcourses\githubprojects\discoveringclimbingmovements\discoveringclimbingmovements\ode-0.12\opcode\ice\icefpu.h(53): warning C4244: 'return': conversion from 'double' to 'float', possible loss of data
  IceOBB.cpp
c:\kourosh\phdcourses\githubprojects\discoveringclimbingmovements\discoveringclimbingmovements\ode-0.12\opcode\ice\icefpu.h(53): warning C4244: 'return': conversion from 'double' to 'float', possible loss of data
  IceMatrix4x4.cpp
c:\kourosh\phdcourses\githubprojects\discoveringclimbingmovements\discoveringclimbingmovements\ode-0.12\opcode\ice\icefpu.h(53): warning C4244: 'return': conversion from 'double' to 'float', possible loss of data
  IceMatrix3x3.cpp
c:\kourosh\phdcourses\githubprojects\discoveringclimbingmovements\discoveringclimbingmovements\ode-0.12\opcode\ice\icefpu.h(53): warning C4244: 'return': conversion from 'double' to 'float', possible loss of data
  IceIndexedTriangle.cpp
c:\kourosh\phdcourses\githubprojects\discoveringclimbingmovements\discoveringclimbingmovements\ode-0.12\opcode\ice\icefpu.h(53): warning C4244: 'return': conversion from 'double' to 'float', possible loss of data
  IceHPoint.cpp
c:\kourosh\phdcourses\githubprojects\discoveringclimbingmovements\discoveringclimbingmovements\ode-0.12\opcode\ice\icefpu.h(53): warning C4244: 'return': conversion from 'double' to 'float', possible loss of data
  IceContainer.cpp
c:\kourosh\phdcourses\githubprojects\discoveringclimbingmovements\discoveringclimbingmovements\ode-0.12\opcode\ice\icefpu.h(53): warning C4244: 'return': conversion from 'double' to 'float', possible loss of data
  IceAABB.cpp
c:\kourosh\phdcourses\githubprojects\discoveringclimbingmovements\discoveringclimbingmovements\ode-0.12\opcode\ice\icefpu.h(53): warning C4244: 'return': conversion from 'double' to 'float', possible loss of data
  util.cpp
  timer.cpp
  step.cpp
  sphere.cpp
c:\kourosh\phdcourses\githubprojects\discoveringclimbingmovements\discoveringclimbingmovements\ode-0.12\ode\src\collision_util.h(273): warning C4244: '=': conversion from 'double' to 'dReal', possible loss of data
c:\kourosh\phdcourses\githubprojects\discoveringclimbingmovements\discoveringclimbingmovements\ode-0.12\ode\src\collision_util.h(278): warning C4244: '=': conversion from 'double' to 'dReal', possible loss of data
c:\kourosh\phdcourses\githubprojects\discoveringclimbingmovements\discoveringclimbingmovements\ode-0.12\ode\src\collision_util.h(279): warning C4244: '=': conversion from 'double' to 'dReal', possible loss of data
c:\kourosh\phdcourses\githubprojects\discoveringclimbingmovements\discoveringclimbingmovements\ode-0.12\ode\src\collision_util.h(284): warning C4244: '=': conversion from 'double' to 'dReal', possible loss of data
c:\kourosh\phdcourses\githubprojects\discoveringclimbingmovements\discoveringclimbingmovements\ode-0.12\ode\src\collision_util.h(291): warning C4244: '=': conversion from 'double' to 'dReal', possible loss of data
  rotation.cpp
  ray.cpp
c:\kourosh\phdcourses\githubprojects\discoveringclimbingmovements\discoveringclimbingmovements\ode-0.12\ode\src\collision_util.h(273): warning C4244: '=': conversion from 'double' to 'dReal', possible loss of data
c:\kourosh\phdcourses\githubprojects\discoveringclimbingmovements\discoveringclimbingmovements\ode-0.12\ode\src\collision_util.h(278): warning C4244: '=': conversion from 'double' to 'dReal', possible loss of data
c:\kourosh\phdcourses\githubprojects\discoveringclimbingmovements\discoveringclimbingmovements\ode-0.12\ode\src\collision_util.h(279): warning C4244: '=': conversion from 'double' to 'dReal', possible loss of data
c:\kourosh\phdcourses\githubprojects\discoveringclimbingmovements\discoveringclimbingmovements\ode-0.12\ode\src\collision_util.h(284): warning C4244: '=': conversion from 'double' to 'dReal', possible loss of data
c:\kourosh\phdcourses\githubprojects\discoveringclimbingmovements\discoveringclimbingmovements\ode-0.12\ode\src\collision_util.h(291): warning C4244: '=': conversion from 'double' to 'dReal', possible loss of data
  Generating Code...
  Compiling...
  quickstep.cpp
  plane.cpp
c:\kourosh\phdcourses\githubprojects\discoveringclimbingmovements\discoveringclimbingmovements\ode-0.12\ode\src\collision_util.h(273): warning C4244: '=': conversion from 'double' to 'dReal', possible loss of data
c:\kourosh\phdcourses\githubprojects\discoveringclimbingmovements\discoveringclimbingmovements\ode-0.12\ode\src\collision_util.h(278): warning C4244: '=': conversion from 'double' to 'dReal', possible loss of data
c:\kourosh\phdcourses\githubprojects\discoveringclimbingmovements\discoveringclimbingmovements\ode-0.12\ode\src\collision_util.h(279): warning C4244: '=': conversion from 'double' to 'dReal', possible loss of data
c:\kourosh\phdcourses\githubprojects\discoveringclimbingmovements\discoveringclimbingmovements\ode-0.12\ode\src\collision_util.h(284): warning C4244: '=': conversion from 'double' to 'dReal', possible loss of data
c:\kourosh\phdcourses\githubprojects\discoveringclimbingmovements\discoveringclimbingmovements\ode-0.12\ode\src\collision_util.h(291): warning C4244: '=': conversion from 'double' to 'dReal', possible loss of data
  odetls.cpp
c:\kourosh\phdcourses\githubprojects\discoveringclimbingmovements\discoveringclimbingmovements\ode-0.12\opcode\ice\icefpu.h(53): warning C4244: 'return': conversion from 'double' to 'float', possible loss of data
  odeou.cpp
  odemath.cpp
  odeinit.cpp
c:\kourosh\phdcourses\githubprojects\discoveringclimbingmovements\discoveringclimbingmovements\ode-0.12\opcode\ice\icefpu.h(53): warning C4244: 'return': conversion from 'double' to 'float', possible loss of data
  ode.cpp
  obstack.cpp
  misc.cpp
  memory.cpp
  matrix.cpp
  mat.cpp
  mass.cpp
c:\kourosh\phdcourses\githubprojects\discoveringclimbingmovements\discoveringclimbingmovements\ode-0.12\opcode\ice\icefpu.h(53): warning C4244: 'return': conversion from 'double' to 'float', possible loss of data
c:\kourosh\phdcourses\githubprojects\discoveringclimbingmovements\discoveringclimbingmovements\ode-0.12\ode\src\mass.cpp(268): warning C4244: '=': conversion from 'double' to 'dReal', possible loss of data
c:\kourosh\phdcourses\githubprojects\discoveringclimbingmovements\discoveringclimbingmovements\ode-0.12\ode\src\mass.cpp(269): warning C4244: '=': conversion from 'double' to 'dReal', possible loss of data
c:\kourosh\phdcourses\githubprojects\discoveringclimbingmovements\discoveringclimbingmovements\ode-0.12\ode\src\mass.cpp(270): warning C4244: '=': conversion from 'double' to 'dReal', possible loss of data
  lcp.cpp
  heightfield.cpp
c:\kourosh\phdcourses\githubprojects\discoveringclimbingmovements\discoveringclimbingmovements\ode-0.12\ode\src\collision_util.h(273): warning C4244: '=': conversion from 'double' to 'dReal', possible loss of data
c:\kourosh\phdcourses\githubprojects\discoveringclimbingmovements\discoveringclimbingmovements\ode-0.12\ode\src\collision_util.h(278): warning C4244: '=': conversion from 'double' to 'dReal', possible loss of data
c:\kourosh\phdcourses\githubprojects\discoveringclimbingmovements\discoveringclimbingmovements\ode-0.12\ode\src\collision_util.h(279): warning C4244: '=': conversion from 'double' to 'dReal', possible loss of data
c:\kourosh\phdcourses\githubprojects\discoveringclimbingmovements\discoveringclimbingmovements\ode-0.12\ode\src\collision_util.h(284): warning C4244: '=': conversion from 'double' to 'dReal', possible loss of data
c:\kourosh\phdcourses\githubprojects\discoveringclimbingmovements\discoveringclimbingmovements\ode-0.12\ode\src\collision_util.h(291): warning C4244: '=': conversion from 'double' to 'dReal', possible loss of data
  export-dif.cpp
  error.cpp
  cylinder.cpp
c:\kourosh\phdcourses\githubprojects\discoveringclimbingmovements\discoveringclimbingmovements\ode-0.12\ode\src\collision_util.h(273): warning C4244: '=': conversion from 'double' to 'dReal', possible loss of data
c:\kourosh\phdcourses\githubprojects\discoveringclimbingmovements\discoveringclimbingmovements\ode-0.12\ode\src\collision_util.h(278): warning C4244: '=': conversion from 'double' to 'dReal', possible loss of data
c:\kourosh\phdcourses\githubprojects\discoveringclimbingmovements\discoveringclimbingmovements\ode-0.12\ode\src\collision_util.h(279): warning C4244: '=': conversion from 'double' to 'dReal', possible loss of data
c:\kourosh\phdcourses\githubprojects\discoveringclimbingmovements\discoveringclimbingmovements\ode-0.12\ode\src\collision_util.h(284): warning C4244: '=': conversion from 'double' to 'dReal', possible loss of data
c:\kourosh\phdcourses\githubprojects\discoveringclimbingmovements\discoveringclimbingmovements\ode-0.12\ode\src\collision_util.h(291): warning C4244: '=': conversion from 'double' to 'dReal', possible loss of data
  convex.cpp
c:\kourosh\phdcourses\githubprojects\discoveringclimbingmovements\discoveringclimbingmovements\ode-0.12\ode\src\collision_util.h(273): warning C4244: '=': conversion from 'double' to 'dReal', possible loss of data
c:\kourosh\phdcourses\githubprojects\discoveringclimbingmovements\discoveringclimbingmovements\ode-0.12\ode\src\collision_util.h(278): warning C4244: '=': conversion from 'double' to 'dReal', possible loss of data
c:\kourosh\phdcourses\githubprojects\discoveringclimbingmovements\discoveringclimbingmovements\ode-0.12\ode\src\collision_util.h(279): warning C4244: '=': conversion from 'double' to 'dReal', possible loss of data
c:\kourosh\phdcourses\githubprojects\discoveringclimbingmovements\discoveringclimbingmovements\ode-0.12\ode\src\collision_util.h(284): warning C4244: '=': conversion from 'double' to 'dReal', possible loss of data
c:\kourosh\phdcourses\githubprojects\discoveringclimbingmovements\discoveringclimbingmovements\ode-0.12\ode\src\collision_util.h(291): warning C4244: '=': conversion from 'double' to 'dReal', possible loss of data
  collision_util.cpp
c:\kourosh\phdcourses\githubprojects\discoveringclimbingmovements\discoveringclimbingmovements\ode-0.12\ode\src\collision_util.h(273): warning C4244: '=': conversion from 'double' to 'dReal', possible loss of data
c:\kourosh\phdcourses\githubprojects\discoveringclimbingmovements\discoveringclimbingmovements\ode-0.12\ode\src\collision_util.h(278): warning C4244: '=': conversion from 'double' to 'dReal', possible loss of data
c:\kourosh\phdcourses\githubprojects\discoveringclimbingmovements\discoveringclimbingmovements\ode-0.12\ode\src\collision_util.h(279): warning C4244: '=': conversion from 'double' to 'dReal', possible loss of data
c:\kourosh\phdcourses\githubprojects\discoveringclimbingmovements\discoveringclimbingmovements\ode-0.12\ode\src\collision_util.h(284): warning C4244: '=': conversion from 'double' to 'dReal', possible loss of data
c:\kourosh\phdcourses\githubprojects\discoveringclimbingmovements\discoveringclimbingmovements\ode-0.12\ode\src\collision_util.h(291): warning C4244: '=': conversion from 'double' to 'dReal', possible loss of data
  Generating Code...
  Compiling...
  collision_trimesh_trimesh_new.cpp
  collision_trimesh_trimesh.cpp
  collision_trimesh_sphere.cpp
c:\kourosh\phdcourses\githubprojects\discoveringclimbingmovements\discoveringclimbingmovements\ode-0.12\ode\src\collision_util.h(273): warning C4244: '=': conversion from 'double' to 'dReal', possible loss of data
c:\kourosh\phdcourses\githubprojects\discoveringclimbingmovements\discoveringclimbingmovements\ode-0.12\ode\src\collision_util.h(278): warning C4244: '=': conversion from 'double' to 'dReal', possible loss of data
c:\kourosh\phdcourses\githubprojects\discoveringclimbingmovements\discoveringclimbingmovements\ode-0.12\ode\src\collision_util.h(279): warning C4244: '=': conversion from 'double' to 'dReal', possible loss of data
c:\kourosh\phdcourses\githubprojects\discoveringclimbingmovements\discoveringclimbingmovements\ode-0.12\ode\src\collision_util.h(284): warning C4244: '=': conversion from 'double' to 'dReal', possible loss of data
c:\kourosh\phdcourses\githubprojects\discoveringclimbingmovements\discoveringclimbingmovements\ode-0.12\ode\src\collision_util.h(291): warning C4244: '=': conversion from 'double' to 'dReal', possible loss of data
c:\kourosh\phdcourses\githubprojects\discoveringclimbingmovements\discoveringclimbingmovements\ode-0.12\opcode\ice\icefpu.h(53): warning C4244: 'return': conversion from 'double' to 'float', possible loss of data
  collision_trimesh_ray.cpp
c:\kourosh\phdcourses\githubprojects\discoveringclimbingmovements\discoveringclimbingmovements\ode-0.12\ode\src\collision_util.h(273): warning C4244: '=': conversion from 'double' to 'dReal', possible loss of data
c:\kourosh\phdcourses\githubprojects\discoveringclimbingmovements\discoveringclimbingmovements\ode-0.12\ode\src\collision_util.h(278): warning C4244: '=': conversion from 'double' to 'dReal', possible loss of data
c:\kourosh\phdcourses\githubprojects\discoveringclimbingmovements\discoveringclimbingmovements\ode-0.12\ode\src\collision_util.h(279): warning C4244: '=': conversion from 'double' to 'dReal', possible loss of data
c:\kourosh\phdcourses\githubprojects\discoveringclimbingmovements\discoveringclimbingmovements\ode-0.12\ode\src\collision_util.h(284): warning C4244: '=': conversion from 'double' to 'dReal', possible loss of data
c:\kourosh\phdcourses\githubprojects\discoveringclimbingmovements\discoveringclimbingmovements\ode-0.12\ode\src\collision_util.h(291): warning C4244: '=': conversion from 'double' to 'dReal', possible loss of data
c:\kourosh\phdcourses\githubprojects\discoveringclimbingmovements\discoveringclimbingmovements\ode-0.12\opcode\ice\icefpu.h(53): warning C4244: 'return': conversion from 'double' to 'float', possible loss of data
  collision_trimesh_plane.cpp
c:\kourosh\phdcourses\githubprojects\discoveringclimbingmovements\discoveringclimbingmovements\ode-0.12\ode\src\collision_util.h(273): warning C4244: '=': conversion from 'double' to 'dReal', possible loss of data
c:\kourosh\phdcourses\githubprojects\discoveringclimbingmovements\discoveringclimbingmovements\ode-0.12\ode\src\collision_util.h(278): warning C4244: '=': conversion from 'double' to 'dReal', possible loss of data
c:\kourosh\phdcourses\githubprojects\discoveringclimbingmovements\discoveringclimbingmovements\ode-0.12\ode\src\collision_util.h(279): warning C4244: '=': conversion from 'double' to 'dReal', possible loss of data
c:\kourosh\phdcourses\githubprojects\discoveringclimbingmovements\discoveringclimbingmovements\ode-0.12\ode\src\collision_util.h(284): warning C4244: '=': conversion from 'double' to 'dReal', possible loss of data
c:\kourosh\phdcourses\githubprojects\discoveringclimbingmovements\discoveringclimbingmovements\ode-0.12\ode\src\collision_util.h(291): warning C4244: '=': conversion from 'double' to 'dReal', possible loss of data
c:\kourosh\phdcourses\githubprojects\discoveringclimbingmovements\discoveringclimbingmovements\ode-0.12\opcode\ice\icefpu.h(53): warning C4244: 'return': conversion from 'double' to 'float', possible loss of data
  collision_trimesh_opcode.cpp
c:\kourosh\phdcourses\githubprojects\discoveringclimbingmovements\discoveringclimbingmovements\ode-0.12\ode\src\collision_util.h(273): warning C4244: '=': conversion from 'double' to 'dReal', possible loss of data
c:\kourosh\phdcourses\githubprojects\discoveringclimbingmovements\discoveringclimbingmovements\ode-0.12\ode\src\collision_util.h(278): warning C4244: '=': conversion from 'double' to 'dReal', possible loss of data
c:\kourosh\phdcourses\githubprojects\discoveringclimbingmovements\discoveringclimbingmovements\ode-0.12\ode\src\collision_util.h(279): warning C4244: '=': conversion from 'double' to 'dReal', possible loss of data
c:\kourosh\phdcourses\githubprojects\discoveringclimbingmovements\discoveringclimbingmovements\ode-0.12\ode\src\collision_util.h(284): warning C4244: '=': conversion from 'double' to 'dReal', possible loss of data
c:\kourosh\phdcourses\githubprojects\discoveringclimbingmovements\discoveringclimbingmovements\ode-0.12\ode\src\collision_util.h(291): warning C4244: '=': conversion from 'double' to 'dReal', possible loss of data
c:\kourosh\phdcourses\githubprojects\discoveringclimbingmovements\discoveringclimbingmovements\ode-0.12\opcode\ice\icefpu.h(53): warning C4244: 'return': conversion from 'double' to 'float', possible loss of data
  collision_trimesh_gimpact.cpp
c:\kourosh\phdcourses\githubprojects\discoveringclimbingmovements\discoveringclimbingmovements\ode-0.12\ode\src\collision_util.h(273): warning C4244: '=': conversion from 'double' to 'dReal', possible loss of data
c:\kourosh\phdcourses\githubprojects\discoveringclimbingmovements\discoveringclimbingmovements\ode-0.12\ode\src\collision_util.h(278): warning C4244: '=': conversion from 'double' to 'dReal', possible loss of data
c:\kourosh\phdcourses\githubprojects\discoveringclimbingmovements\discoveringclimbingmovements\ode-0.12\ode\src\collision_util.h(279): warning C4244: '=': conversion from 'double' to 'dReal', possible loss of data
c:\kourosh\phdcourses\githubprojects\discoveringclimbingmovements\discoveringclimbingmovements\ode-0.12\ode\src\collision_util.h(284): warning C4244: '=': conversion from 'double' to 'dReal', possible loss of data
c:\kourosh\phdcourses\githubprojects\discoveringclimbingmovements\discoveringclimbingmovements\ode-0.12\ode\src\collision_util.h(291): warning C4244: '=': conversion from 'double' to 'dReal', possible loss of data
c:\kourosh\phdcourses\githubprojects\discoveringclimbingmovements\discoveringclimbingmovements\ode-0.12\opcode\ice\icefpu.h(53): warning C4244: 'return': conversion from 'double' to 'float', possible loss of data
  collision_trimesh_distance.cpp
c:\kourosh\phdcourses\githubprojects\discoveringclimbingmovements\discoveringclimbingmovements\ode-0.12\opcode\ice\icefpu.h(53): warning C4244: 'return': conversion from 'double' to 'float', possible loss of data
  collision_trimesh_disabled.cpp
  collision_trimesh_ccylinder.cpp
c:\kourosh\phdcourses\githubprojects\discoveringclimbingmovements\discoveringclimbingmovements\ode-0.12\ode\src\collision_util.h(273): warning C4244: '=': conversion from 'double' to 'dReal', possible loss of data
c:\kourosh\phdcourses\githubprojects\discoveringclimbingmovements\discoveringclimbingmovements\ode-0.12\ode\src\collision_util.h(278): warning C4244: '=': conversion from 'double' to 'dReal', possible loss of data
c:\kourosh\phdcourses\githubprojects\discoveringclimbingmovements\discoveringclimbingmovements\ode-0.12\ode\src\collision_util.h(279): warning C4244: '=': conversion from 'double' to 'dReal', possible loss of data
c:\kourosh\phdcourses\githubprojects\discoveringclimbingmovements\discoveringclimbingmovements\ode-0.12\ode\src\collision_util.h(284): warning C4244: '=': conversion from 'double' to 'dReal', possible loss of data
c:\kourosh\phdcourses\githubprojects\discoveringclimbingmovements\discoveringclimbingmovements\ode-0.12\ode\src\collision_util.h(291): warning C4244: '=': conversion from 'double' to 'dReal', possible loss of data
c:\kourosh\phdcourses\githubprojects\discoveringclimbingmovements\discoveringclimbingmovements\ode-0.12\opcode\ice\icefpu.h(53): warning C4244: 'return': conversion from 'double' to 'float', possible loss of data
  collision_trimesh_box.cpp
c:\kourosh\phdcourses\githubprojects\discoveringclimbingmovements\discoveringclimbingmovements\ode-0.12\ode\src\collision_util.h(273): warning C4244: '=': conversion from 'double' to 'dReal', possible loss of data
c:\kourosh\phdcourses\githubprojects\discoveringclimbingmovements\discoveringclimbingmovements\ode-0.12\ode\src\collision_util.h(278): warning C4244: '=': conversion from 'double' to 'dReal', possible loss of data
c:\kourosh\phdcourses\githubprojects\discoveringclimbingmovements\discoveringclimbingmovements\ode-0.12\ode\src\collision_util.h(279): warning C4244: '=': conversion from 'double' to 'dReal', possible loss of data
c:\kourosh\phdcourses\githubprojects\discoveringclimbingmovements\discoveringclimbingmovements\ode-0.12\ode\src\collision_util.h(284): warning C4244: '=': conversion from 'double' to 'dReal', possible loss of data
c:\kourosh\phdcourses\githubprojects\discoveringclimbingmovements\discoveringclimbingmovements\ode-0.12\ode\src\collision_util.h(291): warning C4244: '=': conversion from 'double' to 'dReal', possible loss of data
c:\kourosh\phdcourses\githubprojects\discoveringclimbingmovements\discoveringclimbingmovements\ode-0.12\opcode\ice\icefpu.h(53): warning C4244: 'return': conversion from 'double' to 'float', possible loss of data
  collision_transform.cpp
c:\kourosh\phdcourses\githubprojects\discoveringclimbingmovements\discoveringclimbingmovements\ode-0.12\ode\src\collision_util.h(273): warning C4244: '=': conversion from 'double' to 'dReal', possible loss of data
c:\kourosh\phdcourses\githubprojects\discoveringclimbingmovements\discoveringclimbingmovements\ode-0.12\ode\src\collision_util.h(278): warning C4244: '=': conversion from 'double' to 'dReal', possible loss of data
c:\kourosh\phdcourses\githubprojects\discoveringclimbingmovements\discoveringclimbingmovements\ode-0.12\ode\src\collision_util.h(279): warning C4244: '=': conversion from 'double' to 'dReal', possible loss of data
c:\kourosh\phdcourses\githubprojects\discoveringclimbingmovements\discoveringclimbingmovements\ode-0.12\ode\src\collision_util.h(284): warning C4244: '=': conversion from 'double' to 'dReal', possible loss of data
c:\kourosh\phdcourses\githubprojects\discoveringclimbingmovements\discoveringclimbingmovements\ode-0.12\ode\src\collision_util.h(291): warning C4244: '=': conversion from 'double' to 'dReal', possible loss of data
  collision_space.cpp
  collision_sapspace.cpp
  collision_quadtreespace.cpp
  collision_kernel.cpp
c:\kourosh\phdcourses\githubprojects\discoveringclimbingmovements\discoveringclimbingmovements\ode-0.12\ode\src\collision_util.h(273): warning C4244: '=': conversion from 'double' to 'dReal', possible loss of data
c:\kourosh\phdcourses\githubprojects\discoveringclimbingmovements\discoveringclimbingmovements\ode-0.12\ode\src\collision_util.h(278): warning C4244: '=': conversion from 'double' to 'dReal', possible loss of data
c:\kourosh\phdcourses\githubprojects\discoveringclimbingmovements\discoveringclimbingmovements\ode-0.12\ode\src\collision_util.h(279): warning C4244: '=': conversion from 'double' to 'dReal', possible loss of data
c:\kourosh\phdcourses\githubprojects\discoveringclimbingmovements\discoveringclimbingmovements\ode-0.12\ode\src\collision_util.h(284): warning C4244: '=': conversion from 'double' to 'dReal', possible loss of data
c:\kourosh\phdcourses\githubprojects\discoveringclimbingmovements\discoveringclimbingmovements\ode-0.12\ode\src\collision_util.h(291): warning C4244: '=': conversion from 'double' to 'dReal', possible loss of data
c:\kourosh\phdcourses\githubprojects\discoveringclimbingmovements\discoveringclimbingmovements\ode-0.12\opcode\ice\icefpu.h(53): warning C4244: 'return': conversion from 'double' to 'float', possible loss of data
  collision_cylinder_trimesh.cpp
c:\kourosh\phdcourses\githubprojects\discoveringclimbingmovements\discoveringclimbingmovements\ode-0.12\ode\src\collision_util.h(273): warning C4244: '=': conversion from 'double' to 'dReal', possible loss of data
c:\kourosh\phdcourses\githubprojects\discoveringclimbingmovements\discoveringclimbingmovements\ode-0.12\ode\src\collision_util.h(278): warning C4244: '=': conversion from 'double' to 'dReal', possible loss of data
c:\kourosh\phdcourses\githubprojects\discoveringclimbingmovements\discoveringclimbingmovements\ode-0.12\ode\src\collision_util.h(279): warning C4244: '=': conversion from 'double' to 'dReal', possible loss of data
c:\kourosh\phdcourses\githubprojects\discoveringclimbingmovements\discoveringclimbingmovements\ode-0.12\ode\src\collision_util.h(284): warning C4244: '=': conversion from 'double' to 'dReal', possible loss of data
c:\kourosh\phdcourses\githubprojects\discoveringclimbingmovements\discoveringclimbingmovements\ode-0.12\ode\src\collision_util.h(291): warning C4244: '=': conversion from 'double' to 'dReal', possible loss of data
c:\kourosh\phdcourses\githubprojects\discoveringclimbingmovements\discoveringclimbingmovements\ode-0.12\opcode\ice\icefpu.h(53): warning C4244: 'return': conversion from 'double' to 'float', possible loss of data
  collision_cylinder_sphere.cpp
c:\kourosh\phdcourses\githubprojects\discoveringclimbingmovements\discoveringclimbingmovements\ode-0.12\ode\src\collision_util.h(273): warning C4244: '=': conversion from 'double' to 'dReal', possible loss of data
c:\kourosh\phdcourses\githubprojects\discoveringclimbingmovements\discoveringclimbingmovements\ode-0.12\ode\src\collision_util.h(278): warning C4244: '=': conversion from 'double' to 'dReal', possible loss of data
c:\kourosh\phdcourses\githubprojects\discoveringclimbingmovements\discoveringclimbingmovements\ode-0.12\ode\src\collision_util.h(279): warning C4244: '=': conversion from 'double' to 'dReal', possible loss of data
c:\kourosh\phdcourses\githubprojects\discoveringclimbingmovements\discoveringclimbingmovements\ode-0.12\ode\src\collision_util.h(284): warning C4244: '=': conversion from 'double' to 'dReal', possible loss of data
c:\kourosh\phdcourses\githubprojects\discoveringclimbingmovements\discoveringclimbingmovements\ode-0.12\ode\src\collision_util.h(291): warning C4244: '=': conversion from 'double' to 'dReal', possible loss of data
  collision_cylinder_plane.cpp
c:\kourosh\phdcourses\githubprojects\discoveringclimbingmovements\discoveringclimbingmovements\ode-0.12\ode\src\collision_util.h(273): warning C4244: '=': conversion from 'double' to 'dReal', possible loss of data
c:\kourosh\phdcourses\githubprojects\discoveringclimbingmovements\discoveringclimbingmovements\ode-0.12\ode\src\collision_util.h(278): warning C4244: '=': conversion from 'double' to 'dReal', possible loss of data
c:\kourosh\phdcourses\githubprojects\discoveringclimbingmovements\discoveringclimbingmovements\ode-0.12\ode\src\collision_util.h(279): warning C4244: '=': conversion from 'double' to 'dReal', possible loss of data
c:\kourosh\phdcourses\githubprojects\discoveringclimbingmovements\discoveringclimbingmovements\ode-0.12\ode\src\collision_util.h(284): warning C4244: '=': conversion from 'double' to 'dReal', possible loss of data
c:\kourosh\phdcourses\githubprojects\discoveringclimbingmovements\discoveringclimbingmovements\ode-0.12\ode\src\collision_util.h(291): warning C4244: '=': conversion from 'double' to 'dReal', possible loss of data
  collision_cylinder_box.cpp
c:\kourosh\phdcourses\githubprojects\discoveringclimbingmovements\discoveringclimbingmovements\ode-0.12\ode\src\collision_util.h(273): warning C4244: '=': conversion from 'double' to 'dReal', possible loss of data
c:\kourosh\phdcourses\githubprojects\discoveringclimbingmovements\discoveringclimbingmovements\ode-0.12\ode\src\collision_util.h(278): warning C4244: '=': conversion from 'double' to 'dReal', possible loss of data
c:\kourosh\phdcourses\githubprojects\discoveringclimbingmovements\discoveringclimbingmovements\ode-0.12\ode\src\collision_util.h(279): warning C4244: '=': conversion from 'double' to 'dReal', possible loss of data
c:\kourosh\phdcourses\githubprojects\discoveringclimbingmovements\discoveringclimbingmovements\ode-0.12\ode\src\collision_util.h(284): warning C4244: '=': conversion from 'double' to 'dReal', possible loss of data
c:\kourosh\phdcourses\githubprojects\discoveringclimbingmovements\discoveringclimbingmovements\ode-0.12\ode\src\collision_util.h(291): warning C4244: '=': conversion from 'double' to 'dReal', possible loss of data
  Generating Code...
  Compiling...
  capsule.cpp
c:\kourosh\phdcourses\githubprojects\discoveringclimbingmovements\discoveringclimbingmovements\ode-0.12\ode\src\collision_util.h(273): warning C4244: '=': conversion from 'double' to 'dReal', possible loss of data
c:\kourosh\phdcourses\githubprojects\discoveringclimbingmovements\discoveringclimbingmovements\ode-0.12\ode\src\collision_util.h(278): warning C4244: '=': conversion from 'double' to 'dReal', possible loss of data
c:\kourosh\phdcourses\githubprojects\discoveringclimbingmovements\discoveringclimbingmovements\ode-0.12\ode\src\collision_util.h(279): warning C4244: '=': conversion from 'double' to 'dReal', possible loss of data
c:\kourosh\phdcourses\githubprojects\discoveringclimbingmovements\discoveringclimbingmovements\ode-0.12\ode\src\collision_util.h(284): warning C4244: '=': conversion from 'double' to 'dReal', possible loss of data
c:\kourosh\phdcourses\githubprojects\discoveringclimbingmovements\discoveringclimbingmovements\ode-0.12\ode\src\collision_util.h(291): warning C4244: '=': conversion from 'double' to 'dReal', possible loss of data
  box.cpp
c:\kourosh\phdcourses\githubprojects\discoveringclimbingmovements\discoveringclimbingmovements\ode-0.12\ode\src\collision_util.h(273): warning C4244: '=': conversion from 'double' to 'dReal', possible loss of data
c:\kourosh\phdcourses\githubprojects\discoveringclimbingmovements\discoveringclimbingmovements\ode-0.12\ode\src\collision_util.h(278): warning C4244: '=': conversion from 'double' to 'dReal', possible loss of data
c:\kourosh\phdcourses\githubprojects\discoveringclimbingmovements\discoveringclimbingmovements\ode-0.12\ode\src\collision_util.h(279): warning C4244: '=': conversion from 'double' to 'dReal', possible loss of data
c:\kourosh\phdcourses\githubprojects\discoveringclimbingmovements\discoveringclimbingmovements\ode-0.12\ode\src\collision_util.h(284): warning C4244: '=': conversion from 'double' to 'dReal', possible loss of data
c:\kourosh\phdcourses\githubprojects\discoveringclimbingmovements\discoveringclimbingmovements\ode-0.12\ode\src\collision_util.h(291): warning C4244: '=': conversion from 'double' to 'dReal', possible loss of data
  array.cpp
  universal.cpp
c:\kourosh\phdcourses\githubprojects\discoveringclimbingmovements\discoveringclimbingmovements\ode-0.12\ode\src\joints\universal.cpp(142): warning C4244: 'initializing': conversion from 'double' to 'dReal', possible loss of data
  slider.cpp
  pu.cpp
  pr.cpp
  plane2d.cpp
  piston.cpp
  null.cpp
  lmotor.cpp
  joint.cpp
  hinge2.cpp
  hinge.cpp
  fixed.cpp
  contact.cpp
  ball.cpp
  amotor.cpp
  Generating Code...
  nextafterf.c
  fastltsolve.c
  fastlsolve.c
  fastldlt.c
  fastdot.c
  Generating Code...
odetls.obj : warning LNK4221: This object file does not define any previously undefined public symbols, so it will not be used by any link operation that consumes this library
collision_trimesh_gimpact.obj : warning LNK4221: This object file does not define any previously undefined public symbols, so it will not be used by any link operation that consumes this library
  ode.vcxproj -> C:\Kourosh\PhDCourses\GitHubProjects\DiscoveringClimbingMovements\DiscoveringClimbingMovements\ode-0.12\build\vs2012\..\..\lib\DebugSingleDLL\ode.lib
