d:\aaltogames_git\wip\kl_sampling_standalone\sca\ode-0.12\build\vs2012\obj\releasesinglelib\fixed.obj
d:\aaltogames_git\wip\kl_sampling_standalone\sca\ode-0.12\build\vs2012\obj\releasesinglelib\pr.obj
d:\aaltogames_git\wip\kl_sampling_standalone\sca\ode-0.12\build\vs2012\obj\releasesinglelib\collision_cylinder_plane.obj
d:\aaltogames_git\wip\kl_sampling_standalone\sca\ode-0.12\build\vs2012\obj\releasesinglelib\collision_trimesh_box.obj
d:\aaltogames_git\wip\kl_sampling_standalone\sca\ode-0.12\build\vs2012\obj\releasesinglelib\collision_trimesh_trimesh_new.obj
d:\aaltogames_git\wip\kl_sampling_standalone\sca\ode-0.12\build\vs2012\obj\releasesinglelib\memory.obj
d:\aaltogames_git\wip\kl_sampling_standalone\sca\ode-0.12\build\vs2012\obj\releasesinglelib\odeou.obj
d:\aaltogames_git\wip\kl_sampling_standalone\sca\ode-0.12\build\vs2012\obj\releasesinglelib\ray.obj
d:\aaltogames_git\wip\kl_sampling_standalone\sca\ode-0.12\build\vs2012\obj\releasesinglelib\iceaabb.obj
d:\aaltogames_git\wip\kl_sampling_standalone\sca\ode-0.12\build\vs2012\obj\releasesinglelib\iceobb.obj
d:\aaltogames_git\wip\kl_sampling_standalone\sca\ode-0.12\build\vs2012\obj\releasesinglelib\iceutils.obj
d:\aaltogames_git\wip\kl_sampling_standalone\sca\ode-0.12\build\vs2012\obj\releasesinglelib\opc_collider.obj
d:\aaltogames_git\wip\kl_sampling_standalone\sca\ode-0.12\build\vs2012\obj\releasesinglelib\opc_planescollider.obj
d:\aaltogames_git\wip\kl_sampling_standalone\sca\ode-0.12\build\vs2012\obj\releasesinglelib\contact.obj
d:\aaltogames_git\wip\kl_sampling_standalone\sca\ode-0.12\build\vs2012\obj\releasesinglelib\null.obj
d:\aaltogames_git\wip\kl_sampling_standalone\sca\ode-0.12\build\vs2012\obj\releasesinglelib\box.obj
d:\aaltogames_git\wip\kl_sampling_standalone\sca\ode-0.12\build\vs2012\obj\releasesinglelib\collision_transform.obj
d:\aaltogames_git\wip\kl_sampling_standalone\sca\ode-0.12\build\vs2012\obj\releasesinglelib\collision_trimesh_gimpact.obj
d:\aaltogames_git\wip\kl_sampling_standalone\sca\ode-0.12\build\vs2012\obj\releasesinglelib\collision_trimesh_ray.obj
d:\aaltogames_git\wip\kl_sampling_standalone\sca\ode-0.12\build\vs2012\obj\releasesinglelib\mat.obj
d:\aaltogames_git\wip\kl_sampling_standalone\sca\ode-0.12\build\vs2012\obj\releasesinglelib\odeinit.obj
d:\aaltogames_git\wip\kl_sampling_standalone\sca\ode-0.12\build\vs2012\obj\releasesinglelib\icecontainer.obj
d:\aaltogames_git\wip\kl_sampling_standalone\sca\ode-0.12\build\vs2012\obj\releasesinglelib\iceplane.obj
d:\aaltogames_git\wip\kl_sampling_standalone\sca\ode-0.12\build\vs2012\obj\releasesinglelib\opcode.obj
d:\aaltogames_git\wip\kl_sampling_standalone\sca\ode-0.12\build\vs2012\obj\releasesinglelib\opc_meshinterface.obj
d:\aaltogames_git\wip\kl_sampling_standalone\sca\ode-0.12\build\vs2012\obj\releasesinglelib\opc_treebuilders.obj
d:\aaltogames_git\wip\kl_sampling_standalone\sca\ode-0.12\build\vs2012\obj\releasesinglelib\lmotor.obj
d:\aaltogames_git\wip\kl_sampling_standalone\sca\ode-0.12\build\vs2012\obj\releasesinglelib\pu.obj
d:\aaltogames_git\wip\kl_sampling_standalone\sca\ode-0.12\build\vs2012\obj\releasesinglelib\collision_kernel.obj
d:\aaltogames_git\wip\kl_sampling_standalone\sca\ode-0.12\build\vs2012\obj\releasesinglelib\error.obj
d:\aaltogames_git\wip\kl_sampling_standalone\sca\ode-0.12\build\vs2012\obj\releasesinglelib\icerevisitedradix.obj
d:\aaltogames_git\wip\kl_sampling_standalone\sca\ode-0.12\build\vs2012\obj\releasesinglelib\opc_common.obj
d:\aaltogames_git\wip\kl_sampling_standalone\sca\ode-0.12\build\vs2012\obj\releasesinglelib\opc_picking.obj
d:\aaltogames_git\wip\kl_sampling_standalone\sca\ode-0.12\build\vs2012\obj\releasesinglelib\joint.obj
d:\aaltogames_git\wip\kl_sampling_standalone\sca\ode-0.12\build\vs2012\obj\releasesinglelib\array.obj
d:\aaltogames_git\wip\kl_sampling_standalone\sca\ode-0.12\build\vs2012\obj\releasesinglelib\capsule.obj
d:\aaltogames_git\wip\kl_sampling_standalone\sca\ode-0.12\build\vs2012\obj\releasesinglelib\collision_trimesh_ccylinder.obj
d:\aaltogames_git\wip\kl_sampling_standalone\sca\ode-0.12\build\vs2012\obj\releasesinglelib\convex.obj
d:\aaltogames_git\wip\kl_sampling_standalone\sca\ode-0.12\build\vs2012\obj\releasesinglelib\mass.obj
d:\aaltogames_git\wip\kl_sampling_standalone\sca\ode-0.12\build\vs2012\obj\releasesinglelib\odetls.obj
d:\aaltogames_git\wip\kl_sampling_standalone\sca\ode-0.12\build\vs2012\obj\releasesinglelib\icematrix3x3.obj
d:\aaltogames_git\wip\kl_sampling_standalone\sca\ode-0.12\build\vs2012\obj\releasesinglelib\iceray.obj
d:\aaltogames_git\wip\kl_sampling_standalone\sca\ode-0.12\build\vs2012\obj\releasesinglelib\opc_aabbtree.obj
d:\aaltogames_git\wip\kl_sampling_standalone\sca\ode-0.12\build\vs2012\obj\releasesinglelib\opc_obbcollider.obj
d:\aaltogames_git\wip\kl_sampling_standalone\sca\ode-0.12\build\vs2012\obj\releasesinglelib\amotor.obj
d:\aaltogames_git\wip\kl_sampling_standalone\sca\ode-0.12\build\vs2012\obj\releasesinglelib\universal.obj
d:\aaltogames_git\wip\kl_sampling_standalone\sca\ode-0.12\build\vs2012\obj\releasesinglelib\collision_quadtreespace.obj
d:\aaltogames_git\wip\kl_sampling_standalone\sca\ode-0.12\build\vs2012\obj\releasesinglelib\collision_trimesh_disabled.obj
d:\aaltogames_git\wip\kl_sampling_standalone\sca\ode-0.12\build\vs2012\obj\releasesinglelib\collision_trimesh_distance.obj
d:\aaltogames_git\wip\kl_sampling_standalone\sca\ode-0.12\build\vs2012\obj\releasesinglelib\collision_trimesh_trimesh.obj
d:\aaltogames_git\wip\kl_sampling_standalone\sca\ode-0.12\build\vs2012\obj\releasesinglelib\export-dif.obj
d:\aaltogames_git\wip\kl_sampling_standalone\sca\ode-0.12\build\vs2012\obj\releasesinglelib\ode.obj
d:\aaltogames_git\wip\kl_sampling_standalone\sca\ode-0.12\build\vs2012\obj\releasesinglelib\timer.obj
d:\aaltogames_git\wip\kl_sampling_standalone\sca\ode-0.12\build\vs2012\obj\releasesinglelib\icetriangle.obj
d:\aaltogames_git\wip\kl_sampling_standalone\sca\ode-0.12\build\vs2012\obj\releasesinglelib\opc_basemodel.obj
d:\aaltogames_git\wip\kl_sampling_standalone\sca\ode-0.12\build\vs2012\obj\releasesinglelib\opc_optimizedtree.obj
d:\aaltogames_git\wip\kl_sampling_standalone\sca\ode-0.12\build\vs2012\obj\releasesinglelib\opc_volumecollider.obj
d:\aaltogames_git\wip\kl_sampling_standalone\sca\ode-0.12\build\vs2012\obj\releasesinglelib\hinge.obj
d:\aaltogames_git\wip\kl_sampling_standalone\sca\ode-0.12\build\vs2012\obj\releasesinglelib\plane2d.obj
d:\aaltogames_git\wip\kl_sampling_standalone\sca\ode-0.12\build\vs2012\obj\releasesinglelib\collision_cylinder_box.obj
d:\aaltogames_git\wip\kl_sampling_standalone\sca\ode-0.12\build\vs2012\obj\releasesinglelib\collision_space.obj
d:\aaltogames_git\wip\kl_sampling_standalone\sca\ode-0.12\build\vs2012\obj\releasesinglelib\collision_trimesh_plane.obj
d:\aaltogames_git\wip\kl_sampling_standalone\sca\ode-0.12\build\vs2012\obj\releasesinglelib\collision_trimesh_sphere.obj
d:\aaltogames_git\wip\kl_sampling_standalone\sca\ode-0.12\build\vs2012\obj\releasesinglelib\matrix.obj
d:\aaltogames_git\wip\kl_sampling_standalone\sca\ode-0.12\build\vs2012\obj\releasesinglelib\plane.obj
d:\aaltogames_git\wip\kl_sampling_standalone\sca\ode-0.12\build\vs2012\obj\releasesinglelib\sphere.obj
d:\aaltogames_git\wip\kl_sampling_standalone\sca\ode-0.12\build\vs2012\obj\releasesinglelib\icehpoint.obj
d:\aaltogames_git\wip\kl_sampling_standalone\sca\ode-0.12\build\vs2012\obj\releasesinglelib\icepoint.obj
d:\aaltogames_git\wip\kl_sampling_standalone\sca\ode-0.12\build\vs2012\obj\releasesinglelib\opc_aabbcollider.obj
d:\aaltogames_git\wip\kl_sampling_standalone\sca\ode-0.12\build\vs2012\obj\releasesinglelib\opc_model.obj
d:\aaltogames_git\wip\kl_sampling_standalone\sca\ode-0.12\build\vs2012\obj\releasesinglelib\opc_treecollider.obj
d:\aaltogames_git\wip\kl_sampling_standalone\sca\ode-0.12\build\vs2012\obj\releasesinglelib\hinge2.obj
d:\aaltogames_git\wip\kl_sampling_standalone\sca\ode-0.12\build\vs2012\obj\releasesinglelib\slider.obj
d:\aaltogames_git\wip\kl_sampling_standalone\sca\ode-0.12\build\vs2012\obj\releasesinglelib\collision_cylinder_trimesh.obj
d:\aaltogames_git\wip\kl_sampling_standalone\sca\ode-0.12\build\vs2012\obj\releasesinglelib\cylinder.obj
d:\aaltogames_git\wip\kl_sampling_standalone\sca\ode-0.12\build\vs2012\obj\releasesinglelib\lcp.obj
d:\aaltogames_git\wip\kl_sampling_standalone\sca\ode-0.12\build\vs2012\obj\releasesinglelib\misc.obj
d:\aaltogames_git\wip\kl_sampling_standalone\sca\ode-0.12\build\vs2012\obj\releasesinglelib\odemath.obj
d:\aaltogames_git\wip\kl_sampling_standalone\sca\ode-0.12\build\vs2012\obj\releasesinglelib\rotation.obj
d:\aaltogames_git\wip\kl_sampling_standalone\sca\ode-0.12\build\vs2012\obj\releasesinglelib\util.obj
d:\aaltogames_git\wip\kl_sampling_standalone\sca\ode-0.12\build\vs2012\obj\releasesinglelib\icematrix4x4.obj
d:\aaltogames_git\wip\kl_sampling_standalone\sca\ode-0.12\build\vs2012\obj\releasesinglelib\icesegment.obj
d:\aaltogames_git\wip\kl_sampling_standalone\sca\ode-0.12\build\vs2012\obj\releasesinglelib\opc_hybridmodel.obj
d:\aaltogames_git\wip\kl_sampling_standalone\sca\ode-0.12\build\vs2012\obj\releasesinglelib\opc_raycollider.obj
d:\aaltogames_git\wip\kl_sampling_standalone\sca\ode-0.12\build\vs2012\obj\releasesinglelib\ball.obj
d:\aaltogames_git\wip\kl_sampling_standalone\sca\ode-0.12\build\vs2012\obj\releasesinglelib\piston.obj
d:\aaltogames_git\wip\kl_sampling_standalone\sca\ode-0.12\build\vs2012\obj\releasesinglelib\collision_cylinder_sphere.obj
d:\aaltogames_git\wip\kl_sampling_standalone\sca\ode-0.12\build\vs2012\obj\releasesinglelib\collision_sapspace.obj
d:\aaltogames_git\wip\kl_sampling_standalone\sca\ode-0.12\build\vs2012\obj\releasesinglelib\collision_trimesh_opcode.obj
d:\aaltogames_git\wip\kl_sampling_standalone\sca\ode-0.12\build\vs2012\obj\releasesinglelib\collision_util.obj
d:\aaltogames_git\wip\kl_sampling_standalone\sca\ode-0.12\build\vs2012\obj\releasesinglelib\heightfield.obj
d:\aaltogames_git\wip\kl_sampling_standalone\sca\ode-0.12\build\vs2012\obj\releasesinglelib\obstack.obj
d:\aaltogames_git\wip\kl_sampling_standalone\sca\ode-0.12\build\vs2012\obj\releasesinglelib\quickstep.obj
d:\aaltogames_git\wip\kl_sampling_standalone\sca\ode-0.12\build\vs2012\obj\releasesinglelib\step.obj
d:\aaltogames_git\wip\kl_sampling_standalone\sca\ode-0.12\build\vs2012\obj\releasesinglelib\iceindexedtriangle.obj
d:\aaltogames_git\wip\kl_sampling_standalone\sca\ode-0.12\build\vs2012\obj\releasesinglelib\icerandom.obj
d:\aaltogames_git\wip\kl_sampling_standalone\sca\ode-0.12\build\vs2012\obj\releasesinglelib\opc_lsscollider.obj
d:\aaltogames_git\wip\kl_sampling_standalone\sca\ode-0.12\build\vs2012\obj\releasesinglelib\opc_spherecollider.obj
d:\aaltogames_git\wip\kl_sampling_standalone\sca\ode-0.12\lib\releasesinglelib\ode.pdb
d:\aaltogames_git\wip\kl_sampling_standalone\sca\ode-0.12\build\vs2012\obj\releasesinglelib\fastltsolve.obj
d:\aaltogames_git\wip\kl_sampling_standalone\sca\ode-0.12\build\vs2012\obj\releasesinglelib\fastdot.obj
d:\aaltogames_git\wip\kl_sampling_standalone\sca\ode-0.12\build\vs2012\obj\releasesinglelib\fastlsolve.obj
d:\aaltogames_git\wip\kl_sampling_standalone\sca\ode-0.12\build\vs2012\obj\releasesinglelib\nextafterf.obj
d:\aaltogames_git\wip\kl_sampling_standalone\sca\ode-0.12\build\vs2012\obj\releasesinglelib\fastldlt.obj
d:\aaltogames_git\wip\kl_sampling_standalone\sca\ode-0.12\lib\releasesinglelib\ode_single.lib
d:\aaltogames_git\wip\kl_sampling_standalone\sca\ode-0.12\build\vs2012\obj\releasesinglelib\ode.tlog\cl.command.1.tlog
d:\aaltogames_git\wip\kl_sampling_standalone\sca\ode-0.12\build\vs2012\obj\releasesinglelib\ode.tlog\cl.read.1.tlog
d:\aaltogames_git\wip\kl_sampling_standalone\sca\ode-0.12\build\vs2012\obj\releasesinglelib\ode.tlog\cl.write.1.tlog
d:\aaltogames_git\wip\kl_sampling_standalone\sca\ode-0.12\build\vs2012\obj\releasesinglelib\ode.tlog\lib-link.read.1.tlog
d:\aaltogames_git\wip\kl_sampling_standalone\sca\ode-0.12\build\vs2012\obj\releasesinglelib\ode.tlog\lib-link.write.1.tlog
d:\aaltogames_git\wip\kl_sampling_standalone\sca\ode-0.12\build\vs2012\obj\releasesinglelib\ode.tlog\lib.command.1.tlog
