d:\aaltogames_git\wip\kl_sampling_standalone\sca\ode-0.12\lib\debugsinglelib\ode.pdb
d:\aaltogames_git\wip\kl_sampling_standalone\sca\ode-0.12\lib\debugsinglelib\ode.idb
d:\aaltogames_git\wip\kl_sampling_standalone\sca\ode-0.12\build\vs2012\obj\debugsinglelib\iceutils.obj
d:\aaltogames_git\wip\kl_sampling_standalone\sca\ode-0.12\build\vs2012\obj\debugsinglelib\opcode.obj
d:\aaltogames_git\wip\kl_sampling_standalone\sca\ode-0.12\build\vs2012\obj\debugsinglelib\opc_aabbcollider.obj
d:\aaltogames_git\wip\kl_sampling_standalone\sca\ode-0.12\build\vs2012\obj\debugsinglelib\opc_aabbtree.obj
d:\aaltogames_git\wip\kl_sampling_standalone\sca\ode-0.12\build\vs2012\obj\debugsinglelib\opc_basemodel.obj
d:\aaltogames_git\wip\kl_sampling_standalone\sca\ode-0.12\build\vs2012\obj\debugsinglelib\opc_collider.obj
d:\aaltogames_git\wip\kl_sampling_standalone\sca\ode-0.12\build\vs2012\obj\debugsinglelib\opc_common.obj
d:\aaltogames_git\wip\kl_sampling_standalone\sca\ode-0.12\build\vs2012\obj\debugsinglelib\opc_hybridmodel.obj
d:\aaltogames_git\wip\kl_sampling_standalone\sca\ode-0.12\build\vs2012\obj\debugsinglelib\opc_lsscollider.obj
d:\aaltogames_git\wip\kl_sampling_standalone\sca\ode-0.12\build\vs2012\obj\debugsinglelib\opc_meshinterface.obj
d:\aaltogames_git\wip\kl_sampling_standalone\sca\ode-0.12\build\vs2012\obj\debugsinglelib\opc_model.obj
d:\aaltogames_git\wip\kl_sampling_standalone\sca\ode-0.12\build\vs2012\obj\debugsinglelib\opc_obbcollider.obj
d:\aaltogames_git\wip\kl_sampling_standalone\sca\ode-0.12\build\vs2012\obj\debugsinglelib\opc_optimizedtree.obj
d:\aaltogames_git\wip\kl_sampling_standalone\sca\ode-0.12\build\vs2012\obj\debugsinglelib\opc_picking.obj
d:\aaltogames_git\wip\kl_sampling_standalone\sca\ode-0.12\build\vs2012\obj\debugsinglelib\opc_planescollider.obj
d:\aaltogames_git\wip\kl_sampling_standalone\sca\ode-0.12\build\vs2012\obj\debugsinglelib\opc_raycollider.obj
d:\aaltogames_git\wip\kl_sampling_standalone\sca\ode-0.12\build\vs2012\obj\debugsinglelib\opc_spherecollider.obj
d:\aaltogames_git\wip\kl_sampling_standalone\sca\ode-0.12\build\vs2012\obj\debugsinglelib\opc_treebuilders.obj
d:\aaltogames_git\wip\kl_sampling_standalone\sca\ode-0.12\build\vs2012\obj\debugsinglelib\opc_treecollider.obj
d:\aaltogames_git\wip\kl_sampling_standalone\sca\ode-0.12\build\vs2012\obj\debugsinglelib\opc_volumecollider.obj
d:\aaltogames_git\wip\kl_sampling_standalone\sca\ode-0.12\build\vs2012\obj\debugsinglelib\ray.obj
d:\aaltogames_git\wip\kl_sampling_standalone\sca\ode-0.12\build\vs2012\obj\debugsinglelib\rotation.obj
d:\aaltogames_git\wip\kl_sampling_standalone\sca\ode-0.12\build\vs2012\obj\debugsinglelib\sphere.obj
d:\aaltogames_git\wip\kl_sampling_standalone\sca\ode-0.12\build\vs2012\obj\debugsinglelib\step.obj
d:\aaltogames_git\wip\kl_sampling_standalone\sca\ode-0.12\build\vs2012\obj\debugsinglelib\timer.obj
d:\aaltogames_git\wip\kl_sampling_standalone\sca\ode-0.12\build\vs2012\obj\debugsinglelib\util.obj
d:\aaltogames_git\wip\kl_sampling_standalone\sca\ode-0.12\build\vs2012\obj\debugsinglelib\iceaabb.obj
d:\aaltogames_git\wip\kl_sampling_standalone\sca\ode-0.12\build\vs2012\obj\debugsinglelib\icecontainer.obj
d:\aaltogames_git\wip\kl_sampling_standalone\sca\ode-0.12\build\vs2012\obj\debugsinglelib\icehpoint.obj
d:\aaltogames_git\wip\kl_sampling_standalone\sca\ode-0.12\build\vs2012\obj\debugsinglelib\iceindexedtriangle.obj
d:\aaltogames_git\wip\kl_sampling_standalone\sca\ode-0.12\build\vs2012\obj\debugsinglelib\icematrix3x3.obj
d:\aaltogames_git\wip\kl_sampling_standalone\sca\ode-0.12\build\vs2012\obj\debugsinglelib\icematrix4x4.obj
d:\aaltogames_git\wip\kl_sampling_standalone\sca\ode-0.12\build\vs2012\obj\debugsinglelib\iceobb.obj
d:\aaltogames_git\wip\kl_sampling_standalone\sca\ode-0.12\build\vs2012\obj\debugsinglelib\iceplane.obj
d:\aaltogames_git\wip\kl_sampling_standalone\sca\ode-0.12\build\vs2012\obj\debugsinglelib\icepoint.obj
d:\aaltogames_git\wip\kl_sampling_standalone\sca\ode-0.12\build\vs2012\obj\debugsinglelib\icerandom.obj
d:\aaltogames_git\wip\kl_sampling_standalone\sca\ode-0.12\build\vs2012\obj\debugsinglelib\iceray.obj
d:\aaltogames_git\wip\kl_sampling_standalone\sca\ode-0.12\build\vs2012\obj\debugsinglelib\icerevisitedradix.obj
d:\aaltogames_git\wip\kl_sampling_standalone\sca\ode-0.12\build\vs2012\obj\debugsinglelib\icesegment.obj
d:\aaltogames_git\wip\kl_sampling_standalone\sca\ode-0.12\build\vs2012\obj\debugsinglelib\icetriangle.obj
d:\aaltogames_git\wip\kl_sampling_standalone\sca\ode-0.12\build\vs2012\obj\debugsinglelib\collision_util.obj
d:\aaltogames_git\wip\kl_sampling_standalone\sca\ode-0.12\build\vs2012\obj\debugsinglelib\convex.obj
d:\aaltogames_git\wip\kl_sampling_standalone\sca\ode-0.12\build\vs2012\obj\debugsinglelib\cylinder.obj
d:\aaltogames_git\wip\kl_sampling_standalone\sca\ode-0.12\build\vs2012\obj\debugsinglelib\error.obj
d:\aaltogames_git\wip\kl_sampling_standalone\sca\ode-0.12\build\vs2012\obj\debugsinglelib\export-dif.obj
d:\aaltogames_git\wip\kl_sampling_standalone\sca\ode-0.12\build\vs2012\obj\debugsinglelib\heightfield.obj
d:\aaltogames_git\wip\kl_sampling_standalone\sca\ode-0.12\build\vs2012\obj\debugsinglelib\lcp.obj
d:\aaltogames_git\wip\kl_sampling_standalone\sca\ode-0.12\build\vs2012\obj\debugsinglelib\mass.obj
d:\aaltogames_git\wip\kl_sampling_standalone\sca\ode-0.12\build\vs2012\obj\debugsinglelib\mat.obj
d:\aaltogames_git\wip\kl_sampling_standalone\sca\ode-0.12\build\vs2012\obj\debugsinglelib\matrix.obj
d:\aaltogames_git\wip\kl_sampling_standalone\sca\ode-0.12\build\vs2012\obj\debugsinglelib\memory.obj
d:\aaltogames_git\wip\kl_sampling_standalone\sca\ode-0.12\build\vs2012\obj\debugsinglelib\misc.obj
d:\aaltogames_git\wip\kl_sampling_standalone\sca\ode-0.12\build\vs2012\obj\debugsinglelib\obstack.obj
d:\aaltogames_git\wip\kl_sampling_standalone\sca\ode-0.12\build\vs2012\obj\debugsinglelib\ode.obj
d:\aaltogames_git\wip\kl_sampling_standalone\sca\ode-0.12\build\vs2012\obj\debugsinglelib\odeinit.obj
d:\aaltogames_git\wip\kl_sampling_standalone\sca\ode-0.12\build\vs2012\obj\debugsinglelib\odemath.obj
d:\aaltogames_git\wip\kl_sampling_standalone\sca\ode-0.12\build\vs2012\obj\debugsinglelib\odeou.obj
d:\aaltogames_git\wip\kl_sampling_standalone\sca\ode-0.12\build\vs2012\obj\debugsinglelib\odetls.obj
d:\aaltogames_git\wip\kl_sampling_standalone\sca\ode-0.12\build\vs2012\obj\debugsinglelib\plane.obj
d:\aaltogames_git\wip\kl_sampling_standalone\sca\ode-0.12\build\vs2012\obj\debugsinglelib\quickstep.obj
d:\aaltogames_git\wip\kl_sampling_standalone\sca\ode-0.12\build\vs2012\obj\debugsinglelib\collision_cylinder_box.obj
d:\aaltogames_git\wip\kl_sampling_standalone\sca\ode-0.12\build\vs2012\obj\debugsinglelib\collision_cylinder_plane.obj
d:\aaltogames_git\wip\kl_sampling_standalone\sca\ode-0.12\build\vs2012\obj\debugsinglelib\collision_cylinder_sphere.obj
d:\aaltogames_git\wip\kl_sampling_standalone\sca\ode-0.12\build\vs2012\obj\debugsinglelib\collision_cylinder_trimesh.obj
d:\aaltogames_git\wip\kl_sampling_standalone\sca\ode-0.12\build\vs2012\obj\debugsinglelib\collision_kernel.obj
d:\aaltogames_git\wip\kl_sampling_standalone\sca\ode-0.12\build\vs2012\obj\debugsinglelib\collision_quadtreespace.obj
d:\aaltogames_git\wip\kl_sampling_standalone\sca\ode-0.12\build\vs2012\obj\debugsinglelib\collision_sapspace.obj
d:\aaltogames_git\wip\kl_sampling_standalone\sca\ode-0.12\build\vs2012\obj\debugsinglelib\collision_space.obj
d:\aaltogames_git\wip\kl_sampling_standalone\sca\ode-0.12\build\vs2012\obj\debugsinglelib\collision_transform.obj
d:\aaltogames_git\wip\kl_sampling_standalone\sca\ode-0.12\build\vs2012\obj\debugsinglelib\collision_trimesh_box.obj
d:\aaltogames_git\wip\kl_sampling_standalone\sca\ode-0.12\build\vs2012\obj\debugsinglelib\collision_trimesh_ccylinder.obj
d:\aaltogames_git\wip\kl_sampling_standalone\sca\ode-0.12\build\vs2012\obj\debugsinglelib\collision_trimesh_disabled.obj
d:\aaltogames_git\wip\kl_sampling_standalone\sca\ode-0.12\build\vs2012\obj\debugsinglelib\collision_trimesh_distance.obj
d:\aaltogames_git\wip\kl_sampling_standalone\sca\ode-0.12\build\vs2012\obj\debugsinglelib\collision_trimesh_gimpact.obj
d:\aaltogames_git\wip\kl_sampling_standalone\sca\ode-0.12\build\vs2012\obj\debugsinglelib\collision_trimesh_opcode.obj
d:\aaltogames_git\wip\kl_sampling_standalone\sca\ode-0.12\build\vs2012\obj\debugsinglelib\collision_trimesh_plane.obj
d:\aaltogames_git\wip\kl_sampling_standalone\sca\ode-0.12\build\vs2012\obj\debugsinglelib\collision_trimesh_ray.obj
d:\aaltogames_git\wip\kl_sampling_standalone\sca\ode-0.12\build\vs2012\obj\debugsinglelib\collision_trimesh_sphere.obj
d:\aaltogames_git\wip\kl_sampling_standalone\sca\ode-0.12\build\vs2012\obj\debugsinglelib\collision_trimesh_trimesh.obj
d:\aaltogames_git\wip\kl_sampling_standalone\sca\ode-0.12\build\vs2012\obj\debugsinglelib\collision_trimesh_trimesh_new.obj
d:\aaltogames_git\wip\kl_sampling_standalone\sca\ode-0.12\build\vs2012\obj\debugsinglelib\amotor.obj
d:\aaltogames_git\wip\kl_sampling_standalone\sca\ode-0.12\build\vs2012\obj\debugsinglelib\ball.obj
d:\aaltogames_git\wip\kl_sampling_standalone\sca\ode-0.12\build\vs2012\obj\debugsinglelib\contact.obj
d:\aaltogames_git\wip\kl_sampling_standalone\sca\ode-0.12\build\vs2012\obj\debugsinglelib\fixed.obj
d:\aaltogames_git\wip\kl_sampling_standalone\sca\ode-0.12\build\vs2012\obj\debugsinglelib\hinge.obj
d:\aaltogames_git\wip\kl_sampling_standalone\sca\ode-0.12\build\vs2012\obj\debugsinglelib\hinge2.obj
d:\aaltogames_git\wip\kl_sampling_standalone\sca\ode-0.12\build\vs2012\obj\debugsinglelib\joint.obj
d:\aaltogames_git\wip\kl_sampling_standalone\sca\ode-0.12\build\vs2012\obj\debugsinglelib\lmotor.obj
d:\aaltogames_git\wip\kl_sampling_standalone\sca\ode-0.12\build\vs2012\obj\debugsinglelib\null.obj
d:\aaltogames_git\wip\kl_sampling_standalone\sca\ode-0.12\build\vs2012\obj\debugsinglelib\piston.obj
d:\aaltogames_git\wip\kl_sampling_standalone\sca\ode-0.12\build\vs2012\obj\debugsinglelib\plane2d.obj
d:\aaltogames_git\wip\kl_sampling_standalone\sca\ode-0.12\build\vs2012\obj\debugsinglelib\pr.obj
d:\aaltogames_git\wip\kl_sampling_standalone\sca\ode-0.12\build\vs2012\obj\debugsinglelib\pu.obj
d:\aaltogames_git\wip\kl_sampling_standalone\sca\ode-0.12\build\vs2012\obj\debugsinglelib\slider.obj
d:\aaltogames_git\wip\kl_sampling_standalone\sca\ode-0.12\build\vs2012\obj\debugsinglelib\universal.obj
d:\aaltogames_git\wip\kl_sampling_standalone\sca\ode-0.12\build\vs2012\obj\debugsinglelib\array.obj
d:\aaltogames_git\wip\kl_sampling_standalone\sca\ode-0.12\build\vs2012\obj\debugsinglelib\box.obj
d:\aaltogames_git\wip\kl_sampling_standalone\sca\ode-0.12\build\vs2012\obj\debugsinglelib\capsule.obj
d:\aaltogames_git\wip\kl_sampling_standalone\sca\ode-0.12\build\vs2012\obj\debugsinglelib\fastdot.obj
d:\aaltogames_git\wip\kl_sampling_standalone\sca\ode-0.12\build\vs2012\obj\debugsinglelib\fastldlt.obj
d:\aaltogames_git\wip\kl_sampling_standalone\sca\ode-0.12\build\vs2012\obj\debugsinglelib\fastlsolve.obj
d:\aaltogames_git\wip\kl_sampling_standalone\sca\ode-0.12\build\vs2012\obj\debugsinglelib\fastltsolve.obj
d:\aaltogames_git\wip\kl_sampling_standalone\sca\ode-0.12\build\vs2012\obj\debugsinglelib\nextafterf.obj
d:\aaltogames_git\wip\kl_sampling_standalone\sca\ode-0.12\lib\debugsinglelib\ode_singled.lib
c:\kourosh\project\aaltogames_git\wip\kl_sampling_standalone\sca\ode-0.12\build\vs2012\obj\debugsinglelib\amotor.obj
c:\kourosh\project\aaltogames_git\wip\kl_sampling_standalone\sca\ode-0.12\build\vs2012\obj\debugsinglelib\array.obj
c:\kourosh\project\aaltogames_git\wip\kl_sampling_standalone\sca\ode-0.12\build\vs2012\obj\debugsinglelib\ball.obj
c:\kourosh\project\aaltogames_git\wip\kl_sampling_standalone\sca\ode-0.12\build\vs2012\obj\debugsinglelib\box.obj
c:\kourosh\project\aaltogames_git\wip\kl_sampling_standalone\sca\ode-0.12\build\vs2012\obj\debugsinglelib\capsule.obj
c:\kourosh\project\aaltogames_git\wip\kl_sampling_standalone\sca\ode-0.12\build\vs2012\obj\debugsinglelib\collision_cylinder_box.obj
c:\kourosh\project\aaltogames_git\wip\kl_sampling_standalone\sca\ode-0.12\build\vs2012\obj\debugsinglelib\collision_cylinder_plane.obj
c:\kourosh\project\aaltogames_git\wip\kl_sampling_standalone\sca\ode-0.12\build\vs2012\obj\debugsinglelib\collision_cylinder_sphere.obj
c:\kourosh\project\aaltogames_git\wip\kl_sampling_standalone\sca\ode-0.12\build\vs2012\obj\debugsinglelib\collision_cylinder_trimesh.obj
c:\kourosh\project\aaltogames_git\wip\kl_sampling_standalone\sca\ode-0.12\build\vs2012\obj\debugsinglelib\collision_kernel.obj
c:\kourosh\project\aaltogames_git\wip\kl_sampling_standalone\sca\ode-0.12\build\vs2012\obj\debugsinglelib\collision_quadtreespace.obj
c:\kourosh\project\aaltogames_git\wip\kl_sampling_standalone\sca\ode-0.12\build\vs2012\obj\debugsinglelib\collision_sapspace.obj
c:\kourosh\project\aaltogames_git\wip\kl_sampling_standalone\sca\ode-0.12\build\vs2012\obj\debugsinglelib\collision_space.obj
c:\kourosh\project\aaltogames_git\wip\kl_sampling_standalone\sca\ode-0.12\build\vs2012\obj\debugsinglelib\collision_transform.obj
c:\kourosh\project\aaltogames_git\wip\kl_sampling_standalone\sca\ode-0.12\build\vs2012\obj\debugsinglelib\collision_trimesh_box.obj
c:\kourosh\project\aaltogames_git\wip\kl_sampling_standalone\sca\ode-0.12\build\vs2012\obj\debugsinglelib\collision_trimesh_ccylinder.obj
c:\kourosh\project\aaltogames_git\wip\kl_sampling_standalone\sca\ode-0.12\build\vs2012\obj\debugsinglelib\collision_trimesh_disabled.obj
c:\kourosh\project\aaltogames_git\wip\kl_sampling_standalone\sca\ode-0.12\build\vs2012\obj\debugsinglelib\collision_trimesh_distance.obj
c:\kourosh\project\aaltogames_git\wip\kl_sampling_standalone\sca\ode-0.12\build\vs2012\obj\debugsinglelib\collision_trimesh_gimpact.obj
c:\kourosh\project\aaltogames_git\wip\kl_sampling_standalone\sca\ode-0.12\build\vs2012\obj\debugsinglelib\collision_trimesh_opcode.obj
c:\kourosh\project\aaltogames_git\wip\kl_sampling_standalone\sca\ode-0.12\build\vs2012\obj\debugsinglelib\collision_trimesh_plane.obj
c:\kourosh\project\aaltogames_git\wip\kl_sampling_standalone\sca\ode-0.12\build\vs2012\obj\debugsinglelib\collision_trimesh_ray.obj
c:\kourosh\project\aaltogames_git\wip\kl_sampling_standalone\sca\ode-0.12\build\vs2012\obj\debugsinglelib\collision_trimesh_sphere.obj
c:\kourosh\project\aaltogames_git\wip\kl_sampling_standalone\sca\ode-0.12\build\vs2012\obj\debugsinglelib\collision_trimesh_trimesh.obj
c:\kourosh\project\aaltogames_git\wip\kl_sampling_standalone\sca\ode-0.12\build\vs2012\obj\debugsinglelib\collision_trimesh_trimesh_new.obj
c:\kourosh\project\aaltogames_git\wip\kl_sampling_standalone\sca\ode-0.12\build\vs2012\obj\debugsinglelib\collision_util.obj
c:\kourosh\project\aaltogames_git\wip\kl_sampling_standalone\sca\ode-0.12\build\vs2012\obj\debugsinglelib\contact.obj
c:\kourosh\project\aaltogames_git\wip\kl_sampling_standalone\sca\ode-0.12\build\vs2012\obj\debugsinglelib\convex.obj
c:\kourosh\project\aaltogames_git\wip\kl_sampling_standalone\sca\ode-0.12\build\vs2012\obj\debugsinglelib\cylinder.obj
c:\kourosh\project\aaltogames_git\wip\kl_sampling_standalone\sca\ode-0.12\build\vs2012\obj\debugsinglelib\error.obj
c:\kourosh\project\aaltogames_git\wip\kl_sampling_standalone\sca\ode-0.12\build\vs2012\obj\debugsinglelib\export-dif.obj
c:\kourosh\project\aaltogames_git\wip\kl_sampling_standalone\sca\ode-0.12\build\vs2012\obj\debugsinglelib\fastdot.obj
c:\kourosh\project\aaltogames_git\wip\kl_sampling_standalone\sca\ode-0.12\build\vs2012\obj\debugsinglelib\fastldlt.obj
c:\kourosh\project\aaltogames_git\wip\kl_sampling_standalone\sca\ode-0.12\build\vs2012\obj\debugsinglelib\fastlsolve.obj
c:\kourosh\project\aaltogames_git\wip\kl_sampling_standalone\sca\ode-0.12\build\vs2012\obj\debugsinglelib\fastltsolve.obj
c:\kourosh\project\aaltogames_git\wip\kl_sampling_standalone\sca\ode-0.12\build\vs2012\obj\debugsinglelib\fixed.obj
c:\kourosh\project\aaltogames_git\wip\kl_sampling_standalone\sca\ode-0.12\build\vs2012\obj\debugsinglelib\heightfield.obj
c:\kourosh\project\aaltogames_git\wip\kl_sampling_standalone\sca\ode-0.12\build\vs2012\obj\debugsinglelib\hinge.obj
c:\kourosh\project\aaltogames_git\wip\kl_sampling_standalone\sca\ode-0.12\build\vs2012\obj\debugsinglelib\hinge2.obj
c:\kourosh\project\aaltogames_git\wip\kl_sampling_standalone\sca\ode-0.12\build\vs2012\obj\debugsinglelib\iceaabb.obj
c:\kourosh\project\aaltogames_git\wip\kl_sampling_standalone\sca\ode-0.12\build\vs2012\obj\debugsinglelib\icecontainer.obj
c:\kourosh\project\aaltogames_git\wip\kl_sampling_standalone\sca\ode-0.12\build\vs2012\obj\debugsinglelib\icehpoint.obj
c:\kourosh\project\aaltogames_git\wip\kl_sampling_standalone\sca\ode-0.12\build\vs2012\obj\debugsinglelib\iceindexedtriangle.obj
c:\kourosh\project\aaltogames_git\wip\kl_sampling_standalone\sca\ode-0.12\build\vs2012\obj\debugsinglelib\icematrix3x3.obj
c:\kourosh\project\aaltogames_git\wip\kl_sampling_standalone\sca\ode-0.12\build\vs2012\obj\debugsinglelib\icematrix4x4.obj
c:\kourosh\project\aaltogames_git\wip\kl_sampling_standalone\sca\ode-0.12\build\vs2012\obj\debugsinglelib\iceobb.obj
c:\kourosh\project\aaltogames_git\wip\kl_sampling_standalone\sca\ode-0.12\build\vs2012\obj\debugsinglelib\iceplane.obj
c:\kourosh\project\aaltogames_git\wip\kl_sampling_standalone\sca\ode-0.12\build\vs2012\obj\debugsinglelib\icepoint.obj
c:\kourosh\project\aaltogames_git\wip\kl_sampling_standalone\sca\ode-0.12\build\vs2012\obj\debugsinglelib\icerandom.obj
c:\kourosh\project\aaltogames_git\wip\kl_sampling_standalone\sca\ode-0.12\build\vs2012\obj\debugsinglelib\iceray.obj
c:\kourosh\project\aaltogames_git\wip\kl_sampling_standalone\sca\ode-0.12\build\vs2012\obj\debugsinglelib\icerevisitedradix.obj
c:\kourosh\project\aaltogames_git\wip\kl_sampling_standalone\sca\ode-0.12\build\vs2012\obj\debugsinglelib\icesegment.obj
c:\kourosh\project\aaltogames_git\wip\kl_sampling_standalone\sca\ode-0.12\build\vs2012\obj\debugsinglelib\icetriangle.obj
c:\kourosh\project\aaltogames_git\wip\kl_sampling_standalone\sca\ode-0.12\build\vs2012\obj\debugsinglelib\iceutils.obj
c:\kourosh\project\aaltogames_git\wip\kl_sampling_standalone\sca\ode-0.12\build\vs2012\obj\debugsinglelib\joint.obj
c:\kourosh\project\aaltogames_git\wip\kl_sampling_standalone\sca\ode-0.12\build\vs2012\obj\debugsinglelib\lcp.obj
c:\kourosh\project\aaltogames_git\wip\kl_sampling_standalone\sca\ode-0.12\build\vs2012\obj\debugsinglelib\lmotor.obj
c:\kourosh\project\aaltogames_git\wip\kl_sampling_standalone\sca\ode-0.12\build\vs2012\obj\debugsinglelib\mass.obj
c:\kourosh\project\aaltogames_git\wip\kl_sampling_standalone\sca\ode-0.12\build\vs2012\obj\debugsinglelib\mat.obj
c:\kourosh\project\aaltogames_git\wip\kl_sampling_standalone\sca\ode-0.12\build\vs2012\obj\debugsinglelib\matrix.obj
c:\kourosh\project\aaltogames_git\wip\kl_sampling_standalone\sca\ode-0.12\build\vs2012\obj\debugsinglelib\memory.obj
c:\kourosh\project\aaltogames_git\wip\kl_sampling_standalone\sca\ode-0.12\build\vs2012\obj\debugsinglelib\misc.obj
c:\kourosh\project\aaltogames_git\wip\kl_sampling_standalone\sca\ode-0.12\build\vs2012\obj\debugsinglelib\nextafterf.obj
c:\kourosh\project\aaltogames_git\wip\kl_sampling_standalone\sca\ode-0.12\build\vs2012\obj\debugsinglelib\null.obj
c:\kourosh\project\aaltogames_git\wip\kl_sampling_standalone\sca\ode-0.12\build\vs2012\obj\debugsinglelib\obstack.obj
c:\kourosh\project\aaltogames_git\wip\kl_sampling_standalone\sca\ode-0.12\build\vs2012\obj\debugsinglelib\ode.obj
c:\kourosh\project\aaltogames_git\wip\kl_sampling_standalone\sca\ode-0.12\build\vs2012\obj\debugsinglelib\odeinit.obj
c:\kourosh\project\aaltogames_git\wip\kl_sampling_standalone\sca\ode-0.12\build\vs2012\obj\debugsinglelib\odemath.obj
c:\kourosh\project\aaltogames_git\wip\kl_sampling_standalone\sca\ode-0.12\build\vs2012\obj\debugsinglelib\odeou.obj
c:\kourosh\project\aaltogames_git\wip\kl_sampling_standalone\sca\ode-0.12\build\vs2012\obj\debugsinglelib\odetls.obj
c:\kourosh\project\aaltogames_git\wip\kl_sampling_standalone\sca\ode-0.12\build\vs2012\obj\debugsinglelib\opcode.obj
c:\kourosh\project\aaltogames_git\wip\kl_sampling_standalone\sca\ode-0.12\build\vs2012\obj\debugsinglelib\opc_aabbcollider.obj
c:\kourosh\project\aaltogames_git\wip\kl_sampling_standalone\sca\ode-0.12\build\vs2012\obj\debugsinglelib\opc_aabbtree.obj
c:\kourosh\project\aaltogames_git\wip\kl_sampling_standalone\sca\ode-0.12\build\vs2012\obj\debugsinglelib\opc_basemodel.obj
c:\kourosh\project\aaltogames_git\wip\kl_sampling_standalone\sca\ode-0.12\build\vs2012\obj\debugsinglelib\opc_collider.obj
c:\kourosh\project\aaltogames_git\wip\kl_sampling_standalone\sca\ode-0.12\build\vs2012\obj\debugsinglelib\opc_common.obj
c:\kourosh\project\aaltogames_git\wip\kl_sampling_standalone\sca\ode-0.12\build\vs2012\obj\debugsinglelib\opc_hybridmodel.obj
c:\kourosh\project\aaltogames_git\wip\kl_sampling_standalone\sca\ode-0.12\build\vs2012\obj\debugsinglelib\opc_lsscollider.obj
c:\kourosh\project\aaltogames_git\wip\kl_sampling_standalone\sca\ode-0.12\build\vs2012\obj\debugsinglelib\opc_meshinterface.obj
c:\kourosh\project\aaltogames_git\wip\kl_sampling_standalone\sca\ode-0.12\build\vs2012\obj\debugsinglelib\opc_model.obj
c:\kourosh\project\aaltogames_git\wip\kl_sampling_standalone\sca\ode-0.12\build\vs2012\obj\debugsinglelib\opc_obbcollider.obj
c:\kourosh\project\aaltogames_git\wip\kl_sampling_standalone\sca\ode-0.12\build\vs2012\obj\debugsinglelib\opc_optimizedtree.obj
c:\kourosh\project\aaltogames_git\wip\kl_sampling_standalone\sca\ode-0.12\build\vs2012\obj\debugsinglelib\opc_picking.obj
c:\kourosh\project\aaltogames_git\wip\kl_sampling_standalone\sca\ode-0.12\build\vs2012\obj\debugsinglelib\opc_planescollider.obj
c:\kourosh\project\aaltogames_git\wip\kl_sampling_standalone\sca\ode-0.12\build\vs2012\obj\debugsinglelib\opc_raycollider.obj
c:\kourosh\project\aaltogames_git\wip\kl_sampling_standalone\sca\ode-0.12\build\vs2012\obj\debugsinglelib\opc_spherecollider.obj
c:\kourosh\project\aaltogames_git\wip\kl_sampling_standalone\sca\ode-0.12\build\vs2012\obj\debugsinglelib\opc_treebuilders.obj
c:\kourosh\project\aaltogames_git\wip\kl_sampling_standalone\sca\ode-0.12\build\vs2012\obj\debugsinglelib\opc_treecollider.obj
c:\kourosh\project\aaltogames_git\wip\kl_sampling_standalone\sca\ode-0.12\build\vs2012\obj\debugsinglelib\opc_volumecollider.obj
c:\kourosh\project\aaltogames_git\wip\kl_sampling_standalone\sca\ode-0.12\build\vs2012\obj\debugsinglelib\piston.obj
c:\kourosh\project\aaltogames_git\wip\kl_sampling_standalone\sca\ode-0.12\build\vs2012\obj\debugsinglelib\plane.obj
c:\kourosh\project\aaltogames_git\wip\kl_sampling_standalone\sca\ode-0.12\build\vs2012\obj\debugsinglelib\plane2d.obj
c:\kourosh\project\aaltogames_git\wip\kl_sampling_standalone\sca\ode-0.12\build\vs2012\obj\debugsinglelib\pr.obj
c:\kourosh\project\aaltogames_git\wip\kl_sampling_standalone\sca\ode-0.12\build\vs2012\obj\debugsinglelib\pu.obj
c:\kourosh\project\aaltogames_git\wip\kl_sampling_standalone\sca\ode-0.12\build\vs2012\obj\debugsinglelib\quickstep.obj
c:\kourosh\project\aaltogames_git\wip\kl_sampling_standalone\sca\ode-0.12\build\vs2012\obj\debugsinglelib\ray.obj
c:\kourosh\project\aaltogames_git\wip\kl_sampling_standalone\sca\ode-0.12\build\vs2012\obj\debugsinglelib\rotation.obj
c:\kourosh\project\aaltogames_git\wip\kl_sampling_standalone\sca\ode-0.12\build\vs2012\obj\debugsinglelib\slider.obj
c:\kourosh\project\aaltogames_git\wip\kl_sampling_standalone\sca\ode-0.12\build\vs2012\obj\debugsinglelib\sphere.obj
c:\kourosh\project\aaltogames_git\wip\kl_sampling_standalone\sca\ode-0.12\build\vs2012\obj\debugsinglelib\step.obj
c:\kourosh\project\aaltogames_git\wip\kl_sampling_standalone\sca\ode-0.12\build\vs2012\obj\debugsinglelib\timer.obj
c:\kourosh\project\aaltogames_git\wip\kl_sampling_standalone\sca\ode-0.12\build\vs2012\obj\debugsinglelib\universal.obj
c:\kourosh\project\aaltogames_git\wip\kl_sampling_standalone\sca\ode-0.12\build\vs2012\obj\debugsinglelib\util.obj
c:\kourosh\project\aaltogames_git\wip\kl_sampling_standalone\sca\ode-0.12\build\vs2012\obj\debugsinglelib\ode.tlog\cl.command.1.tlog
c:\kourosh\project\aaltogames_git\wip\kl_sampling_standalone\sca\ode-0.12\build\vs2012\obj\debugsinglelib\ode.tlog\cl.read.1.tlog
c:\kourosh\project\aaltogames_git\wip\kl_sampling_standalone\sca\ode-0.12\build\vs2012\obj\debugsinglelib\ode.tlog\cl.write.1.tlog
c:\kourosh\project\aaltogames_git\wip\kl_sampling_standalone\sca\ode-0.12\build\vs2012\obj\debugsinglelib\ode.tlog\lib-link.read.1.tlog
c:\kourosh\project\aaltogames_git\wip\kl_sampling_standalone\sca\ode-0.12\build\vs2012\obj\debugsinglelib\ode.tlog\lib-link.write.1.tlog
c:\kourosh\project\aaltogames_git\wip\kl_sampling_standalone\sca\ode-0.12\build\vs2012\obj\debugsinglelib\ode.tlog\lib.command.1.tlog
