cl : Command line warning D9030: '/Gm' is incompatible with multiprocessing; ignoring /MP switch
  OPC_VolumeCollider.cpp
c:\kourosh\project\aaltogames_git\wip\kl_sampling_standalone\sca\ode-0.12\opcode\Ice/IceFPU.h(53): warning C4244: 'return': conversion from 'double' to 'float', possible loss of data
  OPC_TreeCollider.cpp
c:\kourosh\project\aaltogames_git\wip\kl_sampling_standalone\sca\ode-0.12\opcode\Ice/IceFPU.h(53): warning C4244: 'return': conversion from 'double' to 'float', possible loss of data
  OPC_TreeBuilders.cpp
c:\kourosh\project\aaltogames_git\wip\kl_sampling_standalone\sca\ode-0.12\opcode\Ice/IceFPU.h(53): warning C4244: 'return': conversion from 'double' to 'float', possible loss of data
  OPC_SphereCollider.cpp
c:\kourosh\project\aaltogames_git\wip\kl_sampling_standalone\sca\ode-0.12\opcode\Ice/IceFPU.h(53): warning C4244: 'return': conversion from 'double' to 'float', possible loss of data
  OPC_RayCollider.cpp
c:\kourosh\project\aaltogames_git\wip\kl_sampling_standalone\sca\ode-0.12\opcode\Ice/IceFPU.h(53): warning C4244: 'return': conversion from 'double' to 'float', possible loss of data
  OPC_PlanesCollider.cpp
c:\kourosh\project\aaltogames_git\wip\kl_sampling_standalone\sca\ode-0.12\opcode\Ice/IceFPU.h(53): warning C4244: 'return': conversion from 'double' to 'float', possible loss of data
  OPC_Picking.cpp
c:\kourosh\project\aaltogames_git\wip\kl_sampling_standalone\sca\ode-0.12\opcode\Ice/IceFPU.h(53): warning C4244: 'return': conversion from 'double' to 'float', possible loss of data
  OPC_OptimizedTree.cpp
c:\kourosh\project\aaltogames_git\wip\kl_sampling_standalone\sca\ode-0.12\opcode\Ice/IceFPU.h(53): warning C4244: 'return': conversion from 'double' to 'float', possible loss of data
  OPC_OBBCollider.cpp
c:\kourosh\project\aaltogames_git\wip\kl_sampling_standalone\sca\ode-0.12\opcode\Ice/IceFPU.h(53): warning C4244: 'return': conversion from 'double' to 'float', possible loss of data
  OPC_Model.cpp
c:\kourosh\project\aaltogames_git\wip\kl_sampling_standalone\sca\ode-0.12\opcode\Ice/IceFPU.h(53): warning C4244: 'return': conversion from 'double' to 'float', possible loss of data
  OPC_MeshInterface.cpp
c:\kourosh\project\aaltogames_git\wip\kl_sampling_standalone\sca\ode-0.12\opcode\Ice/IceFPU.h(53): warning C4244: 'return': conversion from 'double' to 'float', possible loss of data
  OPC_LSSCollider.cpp
c:\kourosh\project\aaltogames_git\wip\kl_sampling_standalone\sca\ode-0.12\opcode\Ice/IceFPU.h(53): warning C4244: 'return': conversion from 'double' to 'float', possible loss of data
  OPC_HybridModel.cpp
c:\kourosh\project\aaltogames_git\wip\kl_sampling_standalone\sca\ode-0.12\opcode\Ice/IceFPU.h(53): warning C4244: 'return': conversion from 'double' to 'float', possible loss of data
  OPC_Common.cpp
c:\kourosh\project\aaltogames_git\wip\kl_sampling_standalone\sca\ode-0.12\opcode\Ice/IceFPU.h(53): warning C4244: 'return': conversion from 'double' to 'float', possible loss of data
  OPC_Collider.cpp
c:\kourosh\project\aaltogames_git\wip\kl_sampling_standalone\sca\ode-0.12\opcode\Ice/IceFPU.h(53): warning C4244: 'return': conversion from 'double' to 'float', possible loss of data
  OPC_BaseModel.cpp
c:\kourosh\project\aaltogames_git\wip\kl_sampling_standalone\sca\ode-0.12\opcode\Ice/IceFPU.h(53): warning C4244: 'return': conversion from 'double' to 'float', possible loss of data
  OPC_AABBTree.cpp
c:\kourosh\project\aaltogames_git\wip\kl_sampling_standalone\sca\ode-0.12\opcode\Ice/IceFPU.h(53): warning C4244: 'return': conversion from 'double' to 'float', possible loss of data
  OPC_AABBCollider.cpp
c:\kourosh\project\aaltogames_git\wip\kl_sampling_standalone\sca\ode-0.12\opcode\Ice/IceFPU.h(53): warning C4244: 'return': conversion from 'double' to 'float', possible loss of data
  Opcode.cpp
c:\kourosh\project\aaltogames_git\wip\kl_sampling_standalone\sca\ode-0.12\opcode\Ice/IceFPU.h(53): warning C4244: 'return': conversion from 'double' to 'float', possible loss of data
  IceUtils.cpp
c:\kourosh\project\aaltogames_git\wip\kl_sampling_standalone\sca\ode-0.12\opcode\Ice/IceFPU.h(53): warning C4244: 'return': conversion from 'double' to 'float', possible loss of data
  Generating Code...
  Compiling...
  IceTriangle.cpp
c:\kourosh\project\aaltogames_git\wip\kl_sampling_standalone\sca\ode-0.12\opcode\Ice/IceFPU.h(53): warning C4244: 'return': conversion from 'double' to 'float', possible loss of data
  IceSegment.cpp
c:\kourosh\project\aaltogames_git\wip\kl_sampling_standalone\sca\ode-0.12\opcode\Ice/IceFPU.h(53): warning C4244: 'return': conversion from 'double' to 'float', possible loss of data
  IceRevisitedRadix.cpp
c:\kourosh\project\aaltogames_git\wip\kl_sampling_standalone\sca\ode-0.12\opcode\Ice/IceFPU.h(53): warning C4244: 'return': conversion from 'double' to 'float', possible loss of data
  IceRay.cpp
c:\kourosh\project\aaltogames_git\wip\kl_sampling_standalone\sca\ode-0.12\opcode\Ice/IceFPU.h(53): warning C4244: 'return': conversion from 'double' to 'float', possible loss of data
  IceRandom.cpp
c:\kourosh\project\aaltogames_git\wip\kl_sampling_standalone\sca\ode-0.12\opcode\Ice/IceFPU.h(53): warning C4244: 'return': conversion from 'double' to 'float', possible loss of data
  IcePoint.cpp
c:\kourosh\project\aaltogames_git\wip\kl_sampling_standalone\sca\ode-0.12\opcode\Ice/IceFPU.h(53): warning C4244: 'return': conversion from 'double' to 'float', possible loss of data
  IcePlane.cpp
c:\kourosh\project\aaltogames_git\wip\kl_sampling_standalone\sca\ode-0.12\opcode\Ice/IceFPU.h(53): warning C4244: 'return': conversion from 'double' to 'float', possible loss of data
  IceOBB.cpp
c:\kourosh\project\aaltogames_git\wip\kl_sampling_standalone\sca\ode-0.12\opcode\Ice/IceFPU.h(53): warning C4244: 'return': conversion from 'double' to 'float', possible loss of data
  IceMatrix4x4.cpp
c:\kourosh\project\aaltogames_git\wip\kl_sampling_standalone\sca\ode-0.12\opcode\Ice/IceFPU.h(53): warning C4244: 'return': conversion from 'double' to 'float', possible loss of data
  IceMatrix3x3.cpp
c:\kourosh\project\aaltogames_git\wip\kl_sampling_standalone\sca\ode-0.12\opcode\Ice/IceFPU.h(53): warning C4244: 'return': conversion from 'double' to 'float', possible loss of data
  IceIndexedTriangle.cpp
c:\kourosh\project\aaltogames_git\wip\kl_sampling_standalone\sca\ode-0.12\opcode\Ice/IceFPU.h(53): warning C4244: 'return': conversion from 'double' to 'float', possible loss of data
  IceHPoint.cpp
c:\kourosh\project\aaltogames_git\wip\kl_sampling_standalone\sca\ode-0.12\opcode\Ice/IceFPU.h(53): warning C4244: 'return': conversion from 'double' to 'float', possible loss of data
  IceContainer.cpp
c:\kourosh\project\aaltogames_git\wip\kl_sampling_standalone\sca\ode-0.12\opcode\Ice/IceFPU.h(53): warning C4244: 'return': conversion from 'double' to 'float', possible loss of data
  IceAABB.cpp
c:\kourosh\project\aaltogames_git\wip\kl_sampling_standalone\sca\ode-0.12\opcode\Ice/IceFPU.h(53): warning C4244: 'return': conversion from 'double' to 'float', possible loss of data
  util.cpp
  timer.cpp
  step.cpp
  sphere.cpp
c:\kourosh\project\aaltogames_git\wip\kl_sampling_standalone\sca\ode-0.12\ode\src\collision_util.h(273): warning C4244: '=': conversion from 'double' to 'dReal', possible loss of data
c:\kourosh\project\aaltogames_git\wip\kl_sampling_standalone\sca\ode-0.12\ode\src\collision_util.h(278): warning C4244: '=': conversion from 'double' to 'dReal', possible loss of data
c:\kourosh\project\aaltogames_git\wip\kl_sampling_standalone\sca\ode-0.12\ode\src\collision_util.h(279): warning C4244: '=': conversion from 'double' to 'dReal', possible loss of data
c:\kourosh\project\aaltogames_git\wip\kl_sampling_standalone\sca\ode-0.12\ode\src\collision_util.h(284): warning C4244: '=': conversion from 'double' to 'dReal', possible loss of data
c:\kourosh\project\aaltogames_git\wip\kl_sampling_standalone\sca\ode-0.12\ode\src\collision_util.h(291): warning C4244: '=': conversion from 'double' to 'dReal', possible loss of data
  rotation.cpp
  ray.cpp
c:\kourosh\project\aaltogames_git\wip\kl_sampling_standalone\sca\ode-0.12\ode\src\collision_util.h(273): warning C4244: '=': conversion from 'double' to 'dReal', possible loss of data
c:\kourosh\project\aaltogames_git\wip\kl_sampling_standalone\sca\ode-0.12\ode\src\collision_util.h(278): warning C4244: '=': conversion from 'double' to 'dReal', possible loss of data
c:\kourosh\project\aaltogames_git\wip\kl_sampling_standalone\sca\ode-0.12\ode\src\collision_util.h(279): warning C4244: '=': conversion from 'double' to 'dReal', possible loss of data
c:\kourosh\project\aaltogames_git\wip\kl_sampling_standalone\sca\ode-0.12\ode\src\collision_util.h(284): warning C4244: '=': conversion from 'double' to 'dReal', possible loss of data
c:\kourosh\project\aaltogames_git\wip\kl_sampling_standalone\sca\ode-0.12\ode\src\collision_util.h(291): warning C4244: '=': conversion from 'double' to 'dReal', possible loss of data
  Generating Code...
  Compiling...
  quickstep.cpp
  plane.cpp
c:\kourosh\project\aaltogames_git\wip\kl_sampling_standalone\sca\ode-0.12\ode\src\collision_util.h(273): warning C4244: '=': conversion from 'double' to 'dReal', possible loss of data
c:\kourosh\project\aaltogames_git\wip\kl_sampling_standalone\sca\ode-0.12\ode\src\collision_util.h(278): warning C4244: '=': conversion from 'double' to 'dReal', possible loss of data
c:\kourosh\project\aaltogames_git\wip\kl_sampling_standalone\sca\ode-0.12\ode\src\collision_util.h(279): warning C4244: '=': conversion from 'double' to 'dReal', possible loss of data
c:\kourosh\project\aaltogames_git\wip\kl_sampling_standalone\sca\ode-0.12\ode\src\collision_util.h(284): warning C4244: '=': conversion from 'double' to 'dReal', possible loss of data
c:\kourosh\project\aaltogames_git\wip\kl_sampling_standalone\sca\ode-0.12\ode\src\collision_util.h(291): warning C4244: '=': conversion from 'double' to 'dReal', possible loss of data
  odetls.cpp
c:\kourosh\project\aaltogames_git\wip\kl_sampling_standalone\sca\ode-0.12\opcode\Ice/IceFPU.h(53): warning C4244: 'return': conversion from 'double' to 'float', possible loss of data
  odeou.cpp
  odemath.cpp
  odeinit.cpp
c:\kourosh\project\aaltogames_git\wip\kl_sampling_standalone\sca\ode-0.12\opcode\Ice/IceFPU.h(53): warning C4244: 'return': conversion from 'double' to 'float', possible loss of data
  ode.cpp
  obstack.cpp
  misc.cpp
  memory.cpp
  matrix.cpp
  mat.cpp
  mass.cpp
c:\kourosh\project\aaltogames_git\wip\kl_sampling_standalone\sca\ode-0.12\opcode\Ice/IceFPU.h(53): warning C4244: 'return': conversion from 'double' to 'float', possible loss of data
..\..\ode\src\mass.cpp(268): warning C4244: '=': conversion from 'double' to 'dReal', possible loss of data
..\..\ode\src\mass.cpp(269): warning C4244: '=': conversion from 'double' to 'dReal', possible loss of data
..\..\ode\src\mass.cpp(270): warning C4244: '=': conversion from 'double' to 'dReal', possible loss of data
  lcp.cpp
  heightfield.cpp
c:\kourosh\project\aaltogames_git\wip\kl_sampling_standalone\sca\ode-0.12\ode\src\collision_util.h(273): warning C4244: '=': conversion from 'double' to 'dReal', possible loss of data
c:\kourosh\project\aaltogames_git\wip\kl_sampling_standalone\sca\ode-0.12\ode\src\collision_util.h(278): warning C4244: '=': conversion from 'double' to 'dReal', possible loss of data
c:\kourosh\project\aaltogames_git\wip\kl_sampling_standalone\sca\ode-0.12\ode\src\collision_util.h(279): warning C4244: '=': conversion from 'double' to 'dReal', possible loss of data
c:\kourosh\project\aaltogames_git\wip\kl_sampling_standalone\sca\ode-0.12\ode\src\collision_util.h(284): warning C4244: '=': conversion from 'double' to 'dReal', possible loss of data
c:\kourosh\project\aaltogames_git\wip\kl_sampling_standalone\sca\ode-0.12\ode\src\collision_util.h(291): warning C4244: '=': conversion from 'double' to 'dReal', possible loss of data
  export-dif.cpp
  error.cpp
  cylinder.cpp
c:\kourosh\project\aaltogames_git\wip\kl_sampling_standalone\sca\ode-0.12\ode\src\collision_util.h(273): warning C4244: '=': conversion from 'double' to 'dReal', possible loss of data
c:\kourosh\project\aaltogames_git\wip\kl_sampling_standalone\sca\ode-0.12\ode\src\collision_util.h(278): warning C4244: '=': conversion from 'double' to 'dReal', possible loss of data
c:\kourosh\project\aaltogames_git\wip\kl_sampling_standalone\sca\ode-0.12\ode\src\collision_util.h(279): warning C4244: '=': conversion from 'double' to 'dReal', possible loss of data
c:\kourosh\project\aaltogames_git\wip\kl_sampling_standalone\sca\ode-0.12\ode\src\collision_util.h(284): warning C4244: '=': conversion from 'double' to 'dReal', possible loss of data
c:\kourosh\project\aaltogames_git\wip\kl_sampling_standalone\sca\ode-0.12\ode\src\collision_util.h(291): warning C4244: '=': conversion from 'double' to 'dReal', possible loss of data
  convex.cpp
c:\kourosh\project\aaltogames_git\wip\kl_sampling_standalone\sca\ode-0.12\ode\src\collision_util.h(273): warning C4244: '=': conversion from 'double' to 'dReal', possible loss of data
c:\kourosh\project\aaltogames_git\wip\kl_sampling_standalone\sca\ode-0.12\ode\src\collision_util.h(278): warning C4244: '=': conversion from 'double' to 'dReal', possible loss of data
c:\kourosh\project\aaltogames_git\wip\kl_sampling_standalone\sca\ode-0.12\ode\src\collision_util.h(279): warning C4244: '=': conversion from 'double' to 'dReal', possible loss of data
c:\kourosh\project\aaltogames_git\wip\kl_sampling_standalone\sca\ode-0.12\ode\src\collision_util.h(284): warning C4244: '=': conversion from 'double' to 'dReal', possible loss of data
c:\kourosh\project\aaltogames_git\wip\kl_sampling_standalone\sca\ode-0.12\ode\src\collision_util.h(291): warning C4244: '=': conversion from 'double' to 'dReal', possible loss of data
  collision_util.cpp
c:\kourosh\project\aaltogames_git\wip\kl_sampling_standalone\sca\ode-0.12\ode\src\collision_util.h(273): warning C4244: '=': conversion from 'double' to 'dReal', possible loss of data
c:\kourosh\project\aaltogames_git\wip\kl_sampling_standalone\sca\ode-0.12\ode\src\collision_util.h(278): warning C4244: '=': conversion from 'double' to 'dReal', possible loss of data
c:\kourosh\project\aaltogames_git\wip\kl_sampling_standalone\sca\ode-0.12\ode\src\collision_util.h(279): warning C4244: '=': conversion from 'double' to 'dReal', possible loss of data
c:\kourosh\project\aaltogames_git\wip\kl_sampling_standalone\sca\ode-0.12\ode\src\collision_util.h(284): warning C4244: '=': conversion from 'double' to 'dReal', possible loss of data
c:\kourosh\project\aaltogames_git\wip\kl_sampling_standalone\sca\ode-0.12\ode\src\collision_util.h(291): warning C4244: '=': conversion from 'double' to 'dReal', possible loss of data
  Generating Code...
  Compiling...
  collision_trimesh_trimesh_new.cpp
  collision_trimesh_trimesh.cpp
  collision_trimesh_sphere.cpp
c:\kourosh\project\aaltogames_git\wip\kl_sampling_standalone\sca\ode-0.12\ode\src\collision_util.h(273): warning C4244: '=': conversion from 'double' to 'dReal', possible loss of data
c:\kourosh\project\aaltogames_git\wip\kl_sampling_standalone\sca\ode-0.12\ode\src\collision_util.h(278): warning C4244: '=': conversion from 'double' to 'dReal', possible loss of data
c:\kourosh\project\aaltogames_git\wip\kl_sampling_standalone\sca\ode-0.12\ode\src\collision_util.h(279): warning C4244: '=': conversion from 'double' to 'dReal', possible loss of data
c:\kourosh\project\aaltogames_git\wip\kl_sampling_standalone\sca\ode-0.12\ode\src\collision_util.h(284): warning C4244: '=': conversion from 'double' to 'dReal', possible loss of data
c:\kourosh\project\aaltogames_git\wip\kl_sampling_standalone\sca\ode-0.12\ode\src\collision_util.h(291): warning C4244: '=': conversion from 'double' to 'dReal', possible loss of data
c:\kourosh\project\aaltogames_git\wip\kl_sampling_standalone\sca\ode-0.12\opcode\Ice/IceFPU.h(53): warning C4244: 'return': conversion from 'double' to 'float', possible loss of data
  collision_trimesh_ray.cpp
c:\kourosh\project\aaltogames_git\wip\kl_sampling_standalone\sca\ode-0.12\ode\src\collision_util.h(273): warning C4244: '=': conversion from 'double' to 'dReal', possible loss of data
c:\kourosh\project\aaltogames_git\wip\kl_sampling_standalone\sca\ode-0.12\ode\src\collision_util.h(278): warning C4244: '=': conversion from 'double' to 'dReal', possible loss of data
c:\kourosh\project\aaltogames_git\wip\kl_sampling_standalone\sca\ode-0.12\ode\src\collision_util.h(279): warning C4244: '=': conversion from 'double' to 'dReal', possible loss of data
c:\kourosh\project\aaltogames_git\wip\kl_sampling_standalone\sca\ode-0.12\ode\src\collision_util.h(284): warning C4244: '=': conversion from 'double' to 'dReal', possible loss of data
c:\kourosh\project\aaltogames_git\wip\kl_sampling_standalone\sca\ode-0.12\ode\src\collision_util.h(291): warning C4244: '=': conversion from 'double' to 'dReal', possible loss of data
c:\kourosh\project\aaltogames_git\wip\kl_sampling_standalone\sca\ode-0.12\opcode\Ice/IceFPU.h(53): warning C4244: 'return': conversion from 'double' to 'float', possible loss of data
  collision_trimesh_plane.cpp
c:\kourosh\project\aaltogames_git\wip\kl_sampling_standalone\sca\ode-0.12\ode\src\collision_util.h(273): warning C4244: '=': conversion from 'double' to 'dReal', possible loss of data
c:\kourosh\project\aaltogames_git\wip\kl_sampling_standalone\sca\ode-0.12\ode\src\collision_util.h(278): warning C4244: '=': conversion from 'double' to 'dReal', possible loss of data
c:\kourosh\project\aaltogames_git\wip\kl_sampling_standalone\sca\ode-0.12\ode\src\collision_util.h(279): warning C4244: '=': conversion from 'double' to 'dReal', possible loss of data
c:\kourosh\project\aaltogames_git\wip\kl_sampling_standalone\sca\ode-0.12\ode\src\collision_util.h(284): warning C4244: '=': conversion from 'double' to 'dReal', possible loss of data
c:\kourosh\project\aaltogames_git\wip\kl_sampling_standalone\sca\ode-0.12\ode\src\collision_util.h(291): warning C4244: '=': conversion from 'double' to 'dReal', possible loss of data
c:\kourosh\project\aaltogames_git\wip\kl_sampling_standalone\sca\ode-0.12\opcode\Ice/IceFPU.h(53): warning C4244: 'return': conversion from 'double' to 'float', possible loss of data
  collision_trimesh_opcode.cpp
c:\kourosh\project\aaltogames_git\wip\kl_sampling_standalone\sca\ode-0.12\ode\src\collision_util.h(273): warning C4244: '=': conversion from 'double' to 'dReal', possible loss of data
c:\kourosh\project\aaltogames_git\wip\kl_sampling_standalone\sca\ode-0.12\ode\src\collision_util.h(278): warning C4244: '=': conversion from 'double' to 'dReal', possible loss of data
c:\kourosh\project\aaltogames_git\wip\kl_sampling_standalone\sca\ode-0.12\ode\src\collision_util.h(279): warning C4244: '=': conversion from 'double' to 'dReal', possible loss of data
c:\kourosh\project\aaltogames_git\wip\kl_sampling_standalone\sca\ode-0.12\ode\src\collision_util.h(284): warning C4244: '=': conversion from 'double' to 'dReal', possible loss of data
c:\kourosh\project\aaltogames_git\wip\kl_sampling_standalone\sca\ode-0.12\ode\src\collision_util.h(291): warning C4244: '=': conversion from 'double' to 'dReal', possible loss of data
c:\kourosh\project\aaltogames_git\wip\kl_sampling_standalone\sca\ode-0.12\opcode\Ice/IceFPU.h(53): warning C4244: 'return': conversion from 'double' to 'float', possible loss of data
  collision_trimesh_gimpact.cpp
c:\kourosh\project\aaltogames_git\wip\kl_sampling_standalone\sca\ode-0.12\ode\src\collision_util.h(273): warning C4244: '=': conversion from 'double' to 'dReal', possible loss of data
c:\kourosh\project\aaltogames_git\wip\kl_sampling_standalone\sca\ode-0.12\ode\src\collision_util.h(278): warning C4244: '=': conversion from 'double' to 'dReal', possible loss of data
c:\kourosh\project\aaltogames_git\wip\kl_sampling_standalone\sca\ode-0.12\ode\src\collision_util.h(279): warning C4244: '=': conversion from 'double' to 'dReal', possible loss of data
c:\kourosh\project\aaltogames_git\wip\kl_sampling_standalone\sca\ode-0.12\ode\src\collision_util.h(284): warning C4244: '=': conversion from 'double' to 'dReal', possible loss of data
c:\kourosh\project\aaltogames_git\wip\kl_sampling_standalone\sca\ode-0.12\ode\src\collision_util.h(291): warning C4244: '=': conversion from 'double' to 'dReal', possible loss of data
c:\kourosh\project\aaltogames_git\wip\kl_sampling_standalone\sca\ode-0.12\opcode\Ice/IceFPU.h(53): warning C4244: 'return': conversion from 'double' to 'float', possible loss of data
  collision_trimesh_distance.cpp
c:\kourosh\project\aaltogames_git\wip\kl_sampling_standalone\sca\ode-0.12\opcode\Ice/IceFPU.h(53): warning C4244: 'return': conversion from 'double' to 'float', possible loss of data
  collision_trimesh_disabled.cpp
  collision_trimesh_ccylinder.cpp
c:\kourosh\project\aaltogames_git\wip\kl_sampling_standalone\sca\ode-0.12\ode\src\collision_util.h(273): warning C4244: '=': conversion from 'double' to 'dReal', possible loss of data
c:\kourosh\project\aaltogames_git\wip\kl_sampling_standalone\sca\ode-0.12\ode\src\collision_util.h(278): warning C4244: '=': conversion from 'double' to 'dReal', possible loss of data
c:\kourosh\project\aaltogames_git\wip\kl_sampling_standalone\sca\ode-0.12\ode\src\collision_util.h(279): warning C4244: '=': conversion from 'double' to 'dReal', possible loss of data
c:\kourosh\project\aaltogames_git\wip\kl_sampling_standalone\sca\ode-0.12\ode\src\collision_util.h(284): warning C4244: '=': conversion from 'double' to 'dReal', possible loss of data
c:\kourosh\project\aaltogames_git\wip\kl_sampling_standalone\sca\ode-0.12\ode\src\collision_util.h(291): warning C4244: '=': conversion from 'double' to 'dReal', possible loss of data
c:\kourosh\project\aaltogames_git\wip\kl_sampling_standalone\sca\ode-0.12\opcode\Ice/IceFPU.h(53): warning C4244: 'return': conversion from 'double' to 'float', possible loss of data
  collision_trimesh_box.cpp
c:\kourosh\project\aaltogames_git\wip\kl_sampling_standalone\sca\ode-0.12\ode\src\collision_util.h(273): warning C4244: '=': conversion from 'double' to 'dReal', possible loss of data
c:\kourosh\project\aaltogames_git\wip\kl_sampling_standalone\sca\ode-0.12\ode\src\collision_util.h(278): warning C4244: '=': conversion from 'double' to 'dReal', possible loss of data
c:\kourosh\project\aaltogames_git\wip\kl_sampling_standalone\sca\ode-0.12\ode\src\collision_util.h(279): warning C4244: '=': conversion from 'double' to 'dReal', possible loss of data
c:\kourosh\project\aaltogames_git\wip\kl_sampling_standalone\sca\ode-0.12\ode\src\collision_util.h(284): warning C4244: '=': conversion from 'double' to 'dReal', possible loss of data
c:\kourosh\project\aaltogames_git\wip\kl_sampling_standalone\sca\ode-0.12\ode\src\collision_util.h(291): warning C4244: '=': conversion from 'double' to 'dReal', possible loss of data
c:\kourosh\project\aaltogames_git\wip\kl_sampling_standalone\sca\ode-0.12\opcode\Ice/IceFPU.h(53): warning C4244: 'return': conversion from 'double' to 'float', possible loss of data
  collision_transform.cpp
c:\kourosh\project\aaltogames_git\wip\kl_sampling_standalone\sca\ode-0.12\ode\src\collision_util.h(273): warning C4244: '=': conversion from 'double' to 'dReal', possible loss of data
c:\kourosh\project\aaltogames_git\wip\kl_sampling_standalone\sca\ode-0.12\ode\src\collision_util.h(278): warning C4244: '=': conversion from 'double' to 'dReal', possible loss of data
c:\kourosh\project\aaltogames_git\wip\kl_sampling_standalone\sca\ode-0.12\ode\src\collision_util.h(279): warning C4244: '=': conversion from 'double' to 'dReal', possible loss of data
c:\kourosh\project\aaltogames_git\wip\kl_sampling_standalone\sca\ode-0.12\ode\src\collision_util.h(284): warning C4244: '=': conversion from 'double' to 'dReal', possible loss of data
c:\kourosh\project\aaltogames_git\wip\kl_sampling_standalone\sca\ode-0.12\ode\src\collision_util.h(291): warning C4244: '=': conversion from 'double' to 'dReal', possible loss of data
  collision_space.cpp
  collision_sapspace.cpp
  collision_quadtreespace.cpp
  collision_kernel.cpp
c:\kourosh\project\aaltogames_git\wip\kl_sampling_standalone\sca\ode-0.12\ode\src\collision_util.h(273): warning C4244: '=': conversion from 'double' to 'dReal', possible loss of data
c:\kourosh\project\aaltogames_git\wip\kl_sampling_standalone\sca\ode-0.12\ode\src\collision_util.h(278): warning C4244: '=': conversion from 'double' to 'dReal', possible loss of data
c:\kourosh\project\aaltogames_git\wip\kl_sampling_standalone\sca\ode-0.12\ode\src\collision_util.h(279): warning C4244: '=': conversion from 'double' to 'dReal', possible loss of data
c:\kourosh\project\aaltogames_git\wip\kl_sampling_standalone\sca\ode-0.12\ode\src\collision_util.h(284): warning C4244: '=': conversion from 'double' to 'dReal', possible loss of data
c:\kourosh\project\aaltogames_git\wip\kl_sampling_standalone\sca\ode-0.12\ode\src\collision_util.h(291): warning C4244: '=': conversion from 'double' to 'dReal', possible loss of data
c:\kourosh\project\aaltogames_git\wip\kl_sampling_standalone\sca\ode-0.12\opcode\Ice/IceFPU.h(53): warning C4244: 'return': conversion from 'double' to 'float', possible loss of data
  collision_cylinder_trimesh.cpp
c:\kourosh\project\aaltogames_git\wip\kl_sampling_standalone\sca\ode-0.12\ode\src\collision_util.h(273): warning C4244: '=': conversion from 'double' to 'dReal', possible loss of data
c:\kourosh\project\aaltogames_git\wip\kl_sampling_standalone\sca\ode-0.12\ode\src\collision_util.h(278): warning C4244: '=': conversion from 'double' to 'dReal', possible loss of data
c:\kourosh\project\aaltogames_git\wip\kl_sampling_standalone\sca\ode-0.12\ode\src\collision_util.h(279): warning C4244: '=': conversion from 'double' to 'dReal', possible loss of data
c:\kourosh\project\aaltogames_git\wip\kl_sampling_standalone\sca\ode-0.12\ode\src\collision_util.h(284): warning C4244: '=': conversion from 'double' to 'dReal', possible loss of data
c:\kourosh\project\aaltogames_git\wip\kl_sampling_standalone\sca\ode-0.12\ode\src\collision_util.h(291): warning C4244: '=': conversion from 'double' to 'dReal', possible loss of data
c:\kourosh\project\aaltogames_git\wip\kl_sampling_standalone\sca\ode-0.12\opcode\Ice/IceFPU.h(53): warning C4244: 'return': conversion from 'double' to 'float', possible loss of data
  collision_cylinder_sphere.cpp
c:\kourosh\project\aaltogames_git\wip\kl_sampling_standalone\sca\ode-0.12\ode\src\collision_util.h(273): warning C4244: '=': conversion from 'double' to 'dReal', possible loss of data
c:\kourosh\project\aaltogames_git\wip\kl_sampling_standalone\sca\ode-0.12\ode\src\collision_util.h(278): warning C4244: '=': conversion from 'double' to 'dReal', possible loss of data
c:\kourosh\project\aaltogames_git\wip\kl_sampling_standalone\sca\ode-0.12\ode\src\collision_util.h(279): warning C4244: '=': conversion from 'double' to 'dReal', possible loss of data
c:\kourosh\project\aaltogames_git\wip\kl_sampling_standalone\sca\ode-0.12\ode\src\collision_util.h(284): warning C4244: '=': conversion from 'double' to 'dReal', possible loss of data
c:\kourosh\project\aaltogames_git\wip\kl_sampling_standalone\sca\ode-0.12\ode\src\collision_util.h(291): warning C4244: '=': conversion from 'double' to 'dReal', possible loss of data
  collision_cylinder_plane.cpp
c:\kourosh\project\aaltogames_git\wip\kl_sampling_standalone\sca\ode-0.12\ode\src\collision_util.h(273): warning C4244: '=': conversion from 'double' to 'dReal', possible loss of data
c:\kourosh\project\aaltogames_git\wip\kl_sampling_standalone\sca\ode-0.12\ode\src\collision_util.h(278): warning C4244: '=': conversion from 'double' to 'dReal', possible loss of data
c:\kourosh\project\aaltogames_git\wip\kl_sampling_standalone\sca\ode-0.12\ode\src\collision_util.h(279): warning C4244: '=': conversion from 'double' to 'dReal', possible loss of data
c:\kourosh\project\aaltogames_git\wip\kl_sampling_standalone\sca\ode-0.12\ode\src\collision_util.h(284): warning C4244: '=': conversion from 'double' to 'dReal', possible loss of data
c:\kourosh\project\aaltogames_git\wip\kl_sampling_standalone\sca\ode-0.12\ode\src\collision_util.h(291): warning C4244: '=': conversion from 'double' to 'dReal', possible loss of data
  collision_cylinder_box.cpp
c:\kourosh\project\aaltogames_git\wip\kl_sampling_standalone\sca\ode-0.12\ode\src\collision_util.h(273): warning C4244: '=': conversion from 'double' to 'dReal', possible loss of data
c:\kourosh\project\aaltogames_git\wip\kl_sampling_standalone\sca\ode-0.12\ode\src\collision_util.h(278): warning C4244: '=': conversion from 'double' to 'dReal', possible loss of data
c:\kourosh\project\aaltogames_git\wip\kl_sampling_standalone\sca\ode-0.12\ode\src\collision_util.h(279): warning C4244: '=': conversion from 'double' to 'dReal', possible loss of data
c:\kourosh\project\aaltogames_git\wip\kl_sampling_standalone\sca\ode-0.12\ode\src\collision_util.h(284): warning C4244: '=': conversion from 'double' to 'dReal', possible loss of data
c:\kourosh\project\aaltogames_git\wip\kl_sampling_standalone\sca\ode-0.12\ode\src\collision_util.h(291): warning C4244: '=': conversion from 'double' to 'dReal', possible loss of data
  Generating Code...
  Compiling...
  capsule.cpp
c:\kourosh\project\aaltogames_git\wip\kl_sampling_standalone\sca\ode-0.12\ode\src\collision_util.h(273): warning C4244: '=': conversion from 'double' to 'dReal', possible loss of data
c:\kourosh\project\aaltogames_git\wip\kl_sampling_standalone\sca\ode-0.12\ode\src\collision_util.h(278): warning C4244: '=': conversion from 'double' to 'dReal', possible loss of data
c:\kourosh\project\aaltogames_git\wip\kl_sampling_standalone\sca\ode-0.12\ode\src\collision_util.h(279): warning C4244: '=': conversion from 'double' to 'dReal', possible loss of data
c:\kourosh\project\aaltogames_git\wip\kl_sampling_standalone\sca\ode-0.12\ode\src\collision_util.h(284): warning C4244: '=': conversion from 'double' to 'dReal', possible loss of data
c:\kourosh\project\aaltogames_git\wip\kl_sampling_standalone\sca\ode-0.12\ode\src\collision_util.h(291): warning C4244: '=': conversion from 'double' to 'dReal', possible loss of data
  box.cpp
c:\kourosh\project\aaltogames_git\wip\kl_sampling_standalone\sca\ode-0.12\ode\src\collision_util.h(273): warning C4244: '=': conversion from 'double' to 'dReal', possible loss of data
c:\kourosh\project\aaltogames_git\wip\kl_sampling_standalone\sca\ode-0.12\ode\src\collision_util.h(278): warning C4244: '=': conversion from 'double' to 'dReal', possible loss of data
c:\kourosh\project\aaltogames_git\wip\kl_sampling_standalone\sca\ode-0.12\ode\src\collision_util.h(279): warning C4244: '=': conversion from 'double' to 'dReal', possible loss of data
c:\kourosh\project\aaltogames_git\wip\kl_sampling_standalone\sca\ode-0.12\ode\src\collision_util.h(284): warning C4244: '=': conversion from 'double' to 'dReal', possible loss of data
c:\kourosh\project\aaltogames_git\wip\kl_sampling_standalone\sca\ode-0.12\ode\src\collision_util.h(291): warning C4244: '=': conversion from 'double' to 'dReal', possible loss of data
  array.cpp
  universal.cpp
..\..\ode\src\joints\universal.cpp(142): warning C4244: 'initializing': conversion from 'double' to 'dReal', possible loss of data
  slider.cpp
  pu.cpp
  pr.cpp
  plane2d.cpp
  piston.cpp
  null.cpp
  lmotor.cpp
  joint.cpp
  hinge2.cpp
  hinge.cpp
  fixed.cpp
  contact.cpp
  ball.cpp
  amotor.cpp
  Generating Code...
cl : Command line warning D9030: '/Gm' is incompatible with multiprocessing; ignoring /MP switch
  nextafterf.c
  fastltsolve.c
  fastlsolve.c
  fastldlt.c
  fastdot.c
  Generating Code...
C:\Program Files (x86)\Microsoft Visual Studio\2017\Community\Common7\IDE\VC\VCTargets\Microsoft.CppBuild.targets(1369,5): warning MSB8012: TargetPath(C:\Kourosh\Project\aaltogames_git\WIP\KL_sampling_standalone\SCA\ode-0.12\build\vs2012\..\..\lib\DebugSingleLib\ode.lib) does not match the Library's OutputFile property value (C:\Kourosh\Project\aaltogames_git\WIP\KL_sampling_standalone\SCA\ode-0.12\lib\DebugSingleLib\ode_singled.lib). This may cause your project to build incorrectly. To correct this, please make sure that $(OutDir), $(TargetName) and $(TargetExt) property values match the value specified in %(Lib.OutputFile).
C:\Program Files (x86)\Microsoft Visual Studio\2017\Community\Common7\IDE\VC\VCTargets\Microsoft.CppBuild.targets(1371,5): warning MSB8012: TargetName(ode) does not match the Library's OutputFile property value (ode_singled). This may cause your project to build incorrectly. To correct this, please make sure that $(OutDir), $(TargetName) and $(TargetExt) property values match the value specified in %(Lib.OutputFile).
odetls.obj : warning LNK4221: This object file does not define any previously undefined public symbols, so it will not be used by any link operation that consumes this library
collision_trimesh_trimesh.obj : warning LNK4221: This object file does not define any previously undefined public symbols, so it will not be used by any link operation that consumes this library
collision_trimesh_gimpact.obj : warning LNK4221: This object file does not define any previously undefined public symbols, so it will not be used by any link operation that consumes this library
  ode.vcxproj -> C:\Kourosh\Project\aaltogames_git\WIP\KL_sampling_standalone\SCA\ode-0.12\build\vs2012\..\..\lib\DebugSingleLib\ode.lib
