c:\kourosh\phdcourses\githubprojects\discoveringclimbingmovements\discoveringclimbingmovements\ode-0.12\lib\debugsingledll\ode.pdb
c:\kourosh\phdcourses\githubprojects\discoveringclimbingmovements\discoveringclimbingmovements\ode-0.12\lib\debugsingledll\ode.idb
c:\kourosh\phdcourses\githubprojects\discoveringclimbingmovements\discoveringclimbingmovements\ode-0.12\build\vs2012\obj\debugsingledll\iceutils.obj
c:\kourosh\phdcourses\githubprojects\discoveringclimbingmovements\discoveringclimbingmovements\ode-0.12\build\vs2012\obj\debugsingledll\opcode.obj
c:\kourosh\phdcourses\githubprojects\discoveringclimbingmovements\discoveringclimbingmovements\ode-0.12\build\vs2012\obj\debugsingledll\opc_aabbcollider.obj
c:\kourosh\phdcourses\githubprojects\discoveringclimbingmovements\discoveringclimbingmovements\ode-0.12\build\vs2012\obj\debugsingledll\opc_aabbtree.obj
c:\kourosh\phdcourses\githubprojects\discoveringclimbingmovements\discoveringclimbingmovements\ode-0.12\build\vs2012\obj\debugsingledll\opc_basemodel.obj
c:\kourosh\phdcourses\githubprojects\discoveringclimbingmovements\discoveringclimbingmovements\ode-0.12\build\vs2012\obj\debugsingledll\opc_collider.obj
c:\kourosh\phdcourses\githubprojects\discoveringclimbingmovements\discoveringclimbingmovements\ode-0.12\build\vs2012\obj\debugsingledll\opc_common.obj
c:\kourosh\phdcourses\githubprojects\discoveringclimbingmovements\discoveringclimbingmovements\ode-0.12\build\vs2012\obj\debugsingledll\opc_hybridmodel.obj
c:\kourosh\phdcourses\githubprojects\discoveringclimbingmovements\discoveringclimbingmovements\ode-0.12\build\vs2012\obj\debugsingledll\opc_lsscollider.obj
c:\kourosh\phdcourses\githubprojects\discoveringclimbingmovements\discoveringclimbingmovements\ode-0.12\build\vs2012\obj\debugsingledll\opc_meshinterface.obj
c:\kourosh\phdcourses\githubprojects\discoveringclimbingmovements\discoveringclimbingmovements\ode-0.12\build\vs2012\obj\debugsingledll\opc_model.obj
c:\kourosh\phdcourses\githubprojects\discoveringclimbingmovements\discoveringclimbingmovements\ode-0.12\build\vs2012\obj\debugsingledll\opc_obbcollider.obj
c:\kourosh\phdcourses\githubprojects\discoveringclimbingmovements\discoveringclimbingmovements\ode-0.12\build\vs2012\obj\debugsingledll\opc_optimizedtree.obj
c:\kourosh\phdcourses\githubprojects\discoveringclimbingmovements\discoveringclimbingmovements\ode-0.12\build\vs2012\obj\debugsingledll\opc_picking.obj
c:\kourosh\phdcourses\githubprojects\discoveringclimbingmovements\discoveringclimbingmovements\ode-0.12\build\vs2012\obj\debugsingledll\opc_planescollider.obj
c:\kourosh\phdcourses\githubprojects\discoveringclimbingmovements\discoveringclimbingmovements\ode-0.12\build\vs2012\obj\debugsingledll\opc_raycollider.obj
c:\kourosh\phdcourses\githubprojects\discoveringclimbingmovements\discoveringclimbingmovements\ode-0.12\build\vs2012\obj\debugsingledll\opc_spherecollider.obj
c:\kourosh\phdcourses\githubprojects\discoveringclimbingmovements\discoveringclimbingmovements\ode-0.12\build\vs2012\obj\debugsingledll\opc_treebuilders.obj
c:\kourosh\phdcourses\githubprojects\discoveringclimbingmovements\discoveringclimbingmovements\ode-0.12\build\vs2012\obj\debugsingledll\opc_treecollider.obj
c:\kourosh\phdcourses\githubprojects\discoveringclimbingmovements\discoveringclimbingmovements\ode-0.12\build\vs2012\obj\debugsingledll\opc_volumecollider.obj
c:\kourosh\phdcourses\githubprojects\discoveringclimbingmovements\discoveringclimbingmovements\ode-0.12\build\vs2012\obj\debugsingledll\ray.obj
c:\kourosh\phdcourses\githubprojects\discoveringclimbingmovements\discoveringclimbingmovements\ode-0.12\build\vs2012\obj\debugsingledll\rotation.obj
c:\kourosh\phdcourses\githubprojects\discoveringclimbingmovements\discoveringclimbingmovements\ode-0.12\build\vs2012\obj\debugsingledll\sphere.obj
c:\kourosh\phdcourses\githubprojects\discoveringclimbingmovements\discoveringclimbingmovements\ode-0.12\build\vs2012\obj\debugsingledll\step.obj
c:\kourosh\phdcourses\githubprojects\discoveringclimbingmovements\discoveringclimbingmovements\ode-0.12\build\vs2012\obj\debugsingledll\timer.obj
c:\kourosh\phdcourses\githubprojects\discoveringclimbingmovements\discoveringclimbingmovements\ode-0.12\build\vs2012\obj\debugsingledll\util.obj
c:\kourosh\phdcourses\githubprojects\discoveringclimbingmovements\discoveringclimbingmovements\ode-0.12\build\vs2012\obj\debugsingledll\iceaabb.obj
c:\kourosh\phdcourses\githubprojects\discoveringclimbingmovements\discoveringclimbingmovements\ode-0.12\build\vs2012\obj\debugsingledll\icecontainer.obj
c:\kourosh\phdcourses\githubprojects\discoveringclimbingmovements\discoveringclimbingmovements\ode-0.12\build\vs2012\obj\debugsingledll\icehpoint.obj
c:\kourosh\phdcourses\githubprojects\discoveringclimbingmovements\discoveringclimbingmovements\ode-0.12\build\vs2012\obj\debugsingledll\iceindexedtriangle.obj
c:\kourosh\phdcourses\githubprojects\discoveringclimbingmovements\discoveringclimbingmovements\ode-0.12\build\vs2012\obj\debugsingledll\icematrix3x3.obj
c:\kourosh\phdcourses\githubprojects\discoveringclimbingmovements\discoveringclimbingmovements\ode-0.12\build\vs2012\obj\debugsingledll\icematrix4x4.obj
c:\kourosh\phdcourses\githubprojects\discoveringclimbingmovements\discoveringclimbingmovements\ode-0.12\build\vs2012\obj\debugsingledll\iceobb.obj
c:\kourosh\phdcourses\githubprojects\discoveringclimbingmovements\discoveringclimbingmovements\ode-0.12\build\vs2012\obj\debugsingledll\iceplane.obj
c:\kourosh\phdcourses\githubprojects\discoveringclimbingmovements\discoveringclimbingmovements\ode-0.12\build\vs2012\obj\debugsingledll\icepoint.obj
c:\kourosh\phdcourses\githubprojects\discoveringclimbingmovements\discoveringclimbingmovements\ode-0.12\build\vs2012\obj\debugsingledll\icerandom.obj
c:\kourosh\phdcourses\githubprojects\discoveringclimbingmovements\discoveringclimbingmovements\ode-0.12\build\vs2012\obj\debugsingledll\iceray.obj
c:\kourosh\phdcourses\githubprojects\discoveringclimbingmovements\discoveringclimbingmovements\ode-0.12\build\vs2012\obj\debugsingledll\icerevisitedradix.obj
c:\kourosh\phdcourses\githubprojects\discoveringclimbingmovements\discoveringclimbingmovements\ode-0.12\build\vs2012\obj\debugsingledll\icesegment.obj
c:\kourosh\phdcourses\githubprojects\discoveringclimbingmovements\discoveringclimbingmovements\ode-0.12\build\vs2012\obj\debugsingledll\icetriangle.obj
c:\kourosh\phdcourses\githubprojects\discoveringclimbingmovements\discoveringclimbingmovements\ode-0.12\build\vs2012\obj\debugsingledll\collision_util.obj
c:\kourosh\phdcourses\githubprojects\discoveringclimbingmovements\discoveringclimbingmovements\ode-0.12\build\vs2012\obj\debugsingledll\convex.obj
c:\kourosh\phdcourses\githubprojects\discoveringclimbingmovements\discoveringclimbingmovements\ode-0.12\build\vs2012\obj\debugsingledll\cylinder.obj
c:\kourosh\phdcourses\githubprojects\discoveringclimbingmovements\discoveringclimbingmovements\ode-0.12\build\vs2012\obj\debugsingledll\error.obj
c:\kourosh\phdcourses\githubprojects\discoveringclimbingmovements\discoveringclimbingmovements\ode-0.12\build\vs2012\obj\debugsingledll\export-dif.obj
c:\kourosh\phdcourses\githubprojects\discoveringclimbingmovements\discoveringclimbingmovements\ode-0.12\build\vs2012\obj\debugsingledll\heightfield.obj
c:\kourosh\phdcourses\githubprojects\discoveringclimbingmovements\discoveringclimbingmovements\ode-0.12\build\vs2012\obj\debugsingledll\lcp.obj
c:\kourosh\phdcourses\githubprojects\discoveringclimbingmovements\discoveringclimbingmovements\ode-0.12\build\vs2012\obj\debugsingledll\mass.obj
c:\kourosh\phdcourses\githubprojects\discoveringclimbingmovements\discoveringclimbingmovements\ode-0.12\build\vs2012\obj\debugsingledll\mat.obj
c:\kourosh\phdcourses\githubprojects\discoveringclimbingmovements\discoveringclimbingmovements\ode-0.12\build\vs2012\obj\debugsingledll\matrix.obj
c:\kourosh\phdcourses\githubprojects\discoveringclimbingmovements\discoveringclimbingmovements\ode-0.12\build\vs2012\obj\debugsingledll\memory.obj
c:\kourosh\phdcourses\githubprojects\discoveringclimbingmovements\discoveringclimbingmovements\ode-0.12\build\vs2012\obj\debugsingledll\misc.obj
c:\kourosh\phdcourses\githubprojects\discoveringclimbingmovements\discoveringclimbingmovements\ode-0.12\build\vs2012\obj\debugsingledll\obstack.obj
c:\kourosh\phdcourses\githubprojects\discoveringclimbingmovements\discoveringclimbingmovements\ode-0.12\build\vs2012\obj\debugsingledll\ode.obj
c:\kourosh\phdcourses\githubprojects\discoveringclimbingmovements\discoveringclimbingmovements\ode-0.12\build\vs2012\obj\debugsingledll\odeinit.obj
c:\kourosh\phdcourses\githubprojects\discoveringclimbingmovements\discoveringclimbingmovements\ode-0.12\build\vs2012\obj\debugsingledll\odemath.obj
c:\kourosh\phdcourses\githubprojects\discoveringclimbingmovements\discoveringclimbingmovements\ode-0.12\build\vs2012\obj\debugsingledll\odeou.obj
c:\kourosh\phdcourses\githubprojects\discoveringclimbingmovements\discoveringclimbingmovements\ode-0.12\build\vs2012\obj\debugsingledll\odetls.obj
c:\kourosh\phdcourses\githubprojects\discoveringclimbingmovements\discoveringclimbingmovements\ode-0.12\build\vs2012\obj\debugsingledll\plane.obj
c:\kourosh\phdcourses\githubprojects\discoveringclimbingmovements\discoveringclimbingmovements\ode-0.12\build\vs2012\obj\debugsingledll\quickstep.obj
c:\kourosh\phdcourses\githubprojects\discoveringclimbingmovements\discoveringclimbingmovements\ode-0.12\build\vs2012\obj\debugsingledll\collision_cylinder_box.obj
c:\kourosh\phdcourses\githubprojects\discoveringclimbingmovements\discoveringclimbingmovements\ode-0.12\build\vs2012\obj\debugsingledll\collision_cylinder_plane.obj
c:\kourosh\phdcourses\githubprojects\discoveringclimbingmovements\discoveringclimbingmovements\ode-0.12\build\vs2012\obj\debugsingledll\collision_cylinder_sphere.obj
c:\kourosh\phdcourses\githubprojects\discoveringclimbingmovements\discoveringclimbingmovements\ode-0.12\build\vs2012\obj\debugsingledll\collision_cylinder_trimesh.obj
c:\kourosh\phdcourses\githubprojects\discoveringclimbingmovements\discoveringclimbingmovements\ode-0.12\build\vs2012\obj\debugsingledll\collision_kernel.obj
c:\kourosh\phdcourses\githubprojects\discoveringclimbingmovements\discoveringclimbingmovements\ode-0.12\build\vs2012\obj\debugsingledll\collision_quadtreespace.obj
c:\kourosh\phdcourses\githubprojects\discoveringclimbingmovements\discoveringclimbingmovements\ode-0.12\build\vs2012\obj\debugsingledll\collision_sapspace.obj
c:\kourosh\phdcourses\githubprojects\discoveringclimbingmovements\discoveringclimbingmovements\ode-0.12\build\vs2012\obj\debugsingledll\collision_space.obj
c:\kourosh\phdcourses\githubprojects\discoveringclimbingmovements\discoveringclimbingmovements\ode-0.12\build\vs2012\obj\debugsingledll\collision_transform.obj
c:\kourosh\phdcourses\githubprojects\discoveringclimbingmovements\discoveringclimbingmovements\ode-0.12\build\vs2012\obj\debugsingledll\collision_trimesh_box.obj
c:\kourosh\phdcourses\githubprojects\discoveringclimbingmovements\discoveringclimbingmovements\ode-0.12\build\vs2012\obj\debugsingledll\collision_trimesh_ccylinder.obj
c:\kourosh\phdcourses\githubprojects\discoveringclimbingmovements\discoveringclimbingmovements\ode-0.12\build\vs2012\obj\debugsingledll\collision_trimesh_disabled.obj
c:\kourosh\phdcourses\githubprojects\discoveringclimbingmovements\discoveringclimbingmovements\ode-0.12\build\vs2012\obj\debugsingledll\collision_trimesh_distance.obj
c:\kourosh\phdcourses\githubprojects\discoveringclimbingmovements\discoveringclimbingmovements\ode-0.12\build\vs2012\obj\debugsingledll\collision_trimesh_gimpact.obj
c:\kourosh\phdcourses\githubprojects\discoveringclimbingmovements\discoveringclimbingmovements\ode-0.12\build\vs2012\obj\debugsingledll\collision_trimesh_opcode.obj
c:\kourosh\phdcourses\githubprojects\discoveringclimbingmovements\discoveringclimbingmovements\ode-0.12\build\vs2012\obj\debugsingledll\collision_trimesh_plane.obj
c:\kourosh\phdcourses\githubprojects\discoveringclimbingmovements\discoveringclimbingmovements\ode-0.12\build\vs2012\obj\debugsingledll\collision_trimesh_ray.obj
c:\kourosh\phdcourses\githubprojects\discoveringclimbingmovements\discoveringclimbingmovements\ode-0.12\build\vs2012\obj\debugsingledll\collision_trimesh_sphere.obj
c:\kourosh\phdcourses\githubprojects\discoveringclimbingmovements\discoveringclimbingmovements\ode-0.12\build\vs2012\obj\debugsingledll\collision_trimesh_trimesh.obj
c:\kourosh\phdcourses\githubprojects\discoveringclimbingmovements\discoveringclimbingmovements\ode-0.12\build\vs2012\obj\debugsingledll\collision_trimesh_trimesh_new.obj
c:\kourosh\phdcourses\githubprojects\discoveringclimbingmovements\discoveringclimbingmovements\ode-0.12\build\vs2012\obj\debugsingledll\amotor.obj
c:\kourosh\phdcourses\githubprojects\discoveringclimbingmovements\discoveringclimbingmovements\ode-0.12\build\vs2012\obj\debugsingledll\ball.obj
c:\kourosh\phdcourses\githubprojects\discoveringclimbingmovements\discoveringclimbingmovements\ode-0.12\build\vs2012\obj\debugsingledll\contact.obj
c:\kourosh\phdcourses\githubprojects\discoveringclimbingmovements\discoveringclimbingmovements\ode-0.12\build\vs2012\obj\debugsingledll\fixed.obj
c:\kourosh\phdcourses\githubprojects\discoveringclimbingmovements\discoveringclimbingmovements\ode-0.12\build\vs2012\obj\debugsingledll\hinge.obj
c:\kourosh\phdcourses\githubprojects\discoveringclimbingmovements\discoveringclimbingmovements\ode-0.12\build\vs2012\obj\debugsingledll\hinge2.obj
c:\kourosh\phdcourses\githubprojects\discoveringclimbingmovements\discoveringclimbingmovements\ode-0.12\build\vs2012\obj\debugsingledll\joint.obj
c:\kourosh\phdcourses\githubprojects\discoveringclimbingmovements\discoveringclimbingmovements\ode-0.12\build\vs2012\obj\debugsingledll\lmotor.obj
c:\kourosh\phdcourses\githubprojects\discoveringclimbingmovements\discoveringclimbingmovements\ode-0.12\build\vs2012\obj\debugsingledll\null.obj
c:\kourosh\phdcourses\githubprojects\discoveringclimbingmovements\discoveringclimbingmovements\ode-0.12\build\vs2012\obj\debugsingledll\piston.obj
c:\kourosh\phdcourses\githubprojects\discoveringclimbingmovements\discoveringclimbingmovements\ode-0.12\build\vs2012\obj\debugsingledll\plane2d.obj
c:\kourosh\phdcourses\githubprojects\discoveringclimbingmovements\discoveringclimbingmovements\ode-0.12\build\vs2012\obj\debugsingledll\pr.obj
c:\kourosh\phdcourses\githubprojects\discoveringclimbingmovements\discoveringclimbingmovements\ode-0.12\build\vs2012\obj\debugsingledll\pu.obj
c:\kourosh\phdcourses\githubprojects\discoveringclimbingmovements\discoveringclimbingmovements\ode-0.12\build\vs2012\obj\debugsingledll\slider.obj
c:\kourosh\phdcourses\githubprojects\discoveringclimbingmovements\discoveringclimbingmovements\ode-0.12\build\vs2012\obj\debugsingledll\universal.obj
c:\kourosh\phdcourses\githubprojects\discoveringclimbingmovements\discoveringclimbingmovements\ode-0.12\build\vs2012\obj\debugsingledll\array.obj
c:\kourosh\phdcourses\githubprojects\discoveringclimbingmovements\discoveringclimbingmovements\ode-0.12\build\vs2012\obj\debugsingledll\box.obj
c:\kourosh\phdcourses\githubprojects\discoveringclimbingmovements\discoveringclimbingmovements\ode-0.12\build\vs2012\obj\debugsingledll\capsule.obj
c:\kourosh\phdcourses\githubprojects\discoveringclimbingmovements\discoveringclimbingmovements\ode-0.12\build\vs2012\obj\debugsingledll\fastdot.obj
c:\kourosh\phdcourses\githubprojects\discoveringclimbingmovements\discoveringclimbingmovements\ode-0.12\build\vs2012\obj\debugsingledll\fastldlt.obj
c:\kourosh\phdcourses\githubprojects\discoveringclimbingmovements\discoveringclimbingmovements\ode-0.12\build\vs2012\obj\debugsingledll\fastlsolve.obj
c:\kourosh\phdcourses\githubprojects\discoveringclimbingmovements\discoveringclimbingmovements\ode-0.12\build\vs2012\obj\debugsingledll\fastltsolve.obj
c:\kourosh\phdcourses\githubprojects\discoveringclimbingmovements\discoveringclimbingmovements\ode-0.12\build\vs2012\obj\debugsingledll\nextafterf.obj
c:\kourosh\phdcourses\githubprojects\discoveringclimbingmovements\discoveringclimbingmovements\ode-0.12\lib\debugsingledll\ode.lib
c:\kourosh\phdcourses\githubprojects\discoveringclimbingmovements\discoveringclimbingmovements\ode-0.12\build\vs2012\..\..\lib\debugsingledll\ode.lib
c:\kourosh\phdcourses\githubprojects\discoveringclimbingmovements\discoveringclimbingmovements\ode-0.12\build\vs2012\obj\debugsingledll\ode.tlog\cl.command.1.tlog
c:\kourosh\phdcourses\githubprojects\discoveringclimbingmovements\discoveringclimbingmovements\ode-0.12\build\vs2012\obj\debugsingledll\ode.tlog\cl.read.1.tlog
c:\kourosh\phdcourses\githubprojects\discoveringclimbingmovements\discoveringclimbingmovements\ode-0.12\build\vs2012\obj\debugsingledll\ode.tlog\cl.write.1.tlog
c:\kourosh\phdcourses\githubprojects\discoveringclimbingmovements\discoveringclimbingmovements\ode-0.12\build\vs2012\obj\debugsingledll\ode.tlog\lib-link.read.1.tlog
c:\kourosh\phdcourses\githubprojects\discoveringclimbingmovements\discoveringclimbingmovements\ode-0.12\build\vs2012\obj\debugsingledll\ode.tlog\lib-link.write.1.tlog
c:\kourosh\phdcourses\githubprojects\discoveringclimbingmovements\discoveringclimbingmovements\ode-0.12\build\vs2012\obj\debugsingledll\ode.tlog\lib.command.1.tlog
